2024-11-12 06:55:07 - pdf_renamer - INFO - 虎大王PDF重命名工具启动...
2024-11-12 06:55:07 - pdf_renamer - INFO - Python版本: 3.8.20 (default, Oct  3 2024, 15:19:54) [MSC v.1929 64 bit (AMD64)]
2024-11-12 06:55:07 - pdf_renamer - INFO - Python路径: D:\pdf_renamer\.conda\python.exe
2024-11-12 06:55:07 - pdf_renamer - INFO - 工作目录: D:\pdf_renamer
2024-11-12 06:55:07 - pdf_renamer - INFO - 程序已准备就绪
2024-11-12 06:55:07 - pdf_renamer - INFO - 按ESC键可以随时终止程序
2024-11-12 06:55:19 - pdf_renamer - INFO - 已选择 22 个文件
2024-11-12 06:55:19 - pdf_renamer - INFO - 找到 22 个PDF文件
2024-11-12 06:55:19 - pdf_renamer - INFO - 处理: 13.pdf
2024-11-12 06:55:19 - pdf_renamer - WARNING - 13.pdf 无法提取有效文本
2024-11-12 06:55:19 - pdf_renamer - WARNING - 无法从 13.pdf 提取文本
2024-11-12 06:55:19 - pdf_renamer - INFO - 处理: 120.pdf
2024-11-12 06:55:19 - pdf_renamer - WARNING - 120.pdf 无法提取有效文本
2024-11-12 06:55:19 - pdf_renamer - WARNING - 无法从 120.pdf 提取文本
2024-11-12 06:55:19 - pdf_renamer - INFO - 处理: 121.PDF
2024-11-12 06:55:19 - pdf_renamer - WARNING - 121.PDF 无法提取有效文本
2024-11-12 06:55:19 - pdf_renamer - WARNING - 无法从 121.PDF 提取文本
2024-11-12 06:55:19 - pdf_renamer - INFO - 处理: 122.pdf
2024-11-12 06:55:19 - pdf_renamer - WARNING - 122.pdf 无法提取有效文本
2024-11-12 06:55:19 - pdf_renamer - WARNING - 无法从 122.pdf 提取文本
2024-11-12 06:55:19 - pdf_renamer - INFO - 处理: 2024 届上海市初中语文课程评价规定的  150 个文言实词.pdf
2024-11-12 06:55:20 - pdf_renamer - INFO - 使用参数 {'x_tolerance': 3, 'y_tolerance': 3} 提取文本:
2024-11-12 06:55:20 - pdf_renamer - INFO - 找到的文本元素:
2024-11-12 06:55:20 - pdf_renamer - INFO - 文本: 2024 届上海市初中语文课程评价规定的, 大小: 17.519999999999982
2024-11-12 06:55:20 - pdf_renamer - INFO - 文本:  , 大小: 17.519999999999982
2024-11-12 06:55:20 - pdf_renamer - INFO - 文本: 150 个文言实词 , 大小: 17.519999999999982
2024-11-12 06:55:20 - pdf_renamer - INFO - 文本:  , 大小: 12.480000000000018
2024-11-12 06:55:20 - pdf_renamer - INFO - 文本:  , 大小: 12.480000000000018
2024-11-12 06:55:20 - pdf_renamer - INFO - 合并后的文本: 2024 届上海市初中语文课程评价规定的  150 个文言实词
2024-11-12 06:55:20 - pdf_renamer - INFO - 处理: CCAR121部合格证持有人 的疲劳管理要求.pdf
2024-11-12 06:55:20 - pdf_renamer - INFO - 使用参数 {'x_tolerance': 3, 'y_tolerance': 3} 提取文本:
2024-11-12 06:55:20 - pdf_renamer - INFO - 找到的文本元素:
2024-11-12 06:55:20 - pdf_renamer - INFO - 文本: CCAR121, 大小: 36.0
2024-11-12 06:55:20 - pdf_renamer - INFO - 文本: 部合格证持有人, 大小: 36.0
2024-11-12 06:55:20 - pdf_renamer - INFO - 文本: 的疲劳管理要求 , 大小: 36.0
2024-11-12 06:55:20 - pdf_renamer - INFO - 文本:  , 大小: 36.0
2024-11-12 06:55:20 - pdf_renamer - INFO - 文本:  , 大小: 36.0
2024-11-12 06:55:20 - pdf_renamer - INFO - 合并后的文本: CCAR121部合格证持有人 的疲劳管理要求 
2024-11-12 06:55:20 - pdf_renamer - INFO - 处理: fn.pdf
2024-11-12 06:55:20 - pdf_renamer - INFO - 使用参数 {'x_tolerance': 3, 'y_tolerance': 3} 提取文本:
2024-11-12 06:55:20 - pdf_renamer - INFO - 找到的文本元素:
2024-11-12 06:55:20 - pdf_renamer - INFO - 文本: f;n
, 大小: 39.0
2024-11-12 06:55:20 - pdf_renamer - INFO - 文本:  , 大小: 39.0
2024-11-12 06:55:20 - pdf_renamer - INFO - 文本: RNAVI , 大小: 30.19999999999999
2024-11-12 06:55:20 - pdf_renamer - INFO - 文本: RNAV2 , 大小: 30.19999999999999
2024-11-12 06:55:20 - pdf_renamer - INFO - 文本: tErL.f;n~tlg~., 大小: 26.399999999999977
2024-11-12 06:55:20 - pdf_renamer - INFO - 合并后的文本: f;n
2024-11-12 06:55:20 - pdf_renamer - INFO - 处理: Worldwide rules and guidance.pdf
2024-11-12 06:55:20 - pdf_renamer - INFO - 使用参数 {'x_tolerance': 3, 'y_tolerance': 3} 提取文本:
2024-11-12 06:55:20 - pdf_renamer - INFO - 找到的文本元素:
2024-11-12 06:55:20 - pdf_renamer - INFO - 文本: Worldwide rules and guidance, 大小: 44.04000000000002
2024-11-12 06:55:20 - pdf_renamer - INFO - 合并后的文本: Worldwide rules and guidance
2024-11-12 06:55:20 - pdf_renamer - INFO - 处理: 第1单元六年级（上册）语文详细知识考点.pdf
2024-11-12 06:55:22 - pdf_renamer - INFO - 使用参数 {'x_tolerance': 3, 'y_tolerance': 3} 提取文本:
2024-11-12 06:55:22 - pdf_renamer - INFO - 找到的文本元素:
2024-11-12 06:55:22 - pdf_renamer - INFO - 文本: 第1单元六年级（上册）语文：详细知识考点, 大小: 26.0
2024-11-12 06:55:22 - pdf_renamer - INFO - 文本: 蒙, 大小: 12.000000000000057
2024-11-12 06:55:22 - pdf_renamer - INFO - 文本: mēng, 大小: 12.000000000000057
2024-11-12 06:55:22 - pdf_renamer - INFO - 文本: 蒙骗、蒙头转向, 大小: 12.000000000000057
2024-11-12 06:55:22 - pdf_renamer - INFO - 文本: méng, 大小: 12.000000000000057
2024-11-12 06:55:22 - pdf_renamer - INFO - 合并后的文本: 第1单元六年级（上册）语文：详细知识考点
2024-11-12 06:55:22 - pdf_renamer - INFO - 处理: 飞行程序.pdf
2024-11-12 06:55:25 - pdf_renamer - INFO - 使用参数 {'x_tolerance': 3, 'y_tolerance': 3} 提取文本:
2024-11-12 06:55:25 - pdf_renamer - INFO - 找到的文本元素:
2024-11-12 06:55:25 - pdf_renamer - INFO - 文本: 飞行程序 , 大小: 36.0
2024-11-12 06:55:25 - pdf_renamer - INFO - 文本:  , 大小: 18.000000000000057
2024-11-12 06:55:25 - pdf_renamer - INFO - 文本:          咨, 大小: 18.0
2024-11-12 06:55:25 - pdf_renamer - INFO - 文本:  询, 大小: 18.0
2024-11-12 06:55:25 - pdf_renamer - INFO - 文本:  通, 大小: 18.0
2024-11-12 06:55:25 - pdf_renamer - INFO - 合并后的文本: 飞行程序
2024-11-12 06:55:25 - pdf_renamer - INFO - 处理: 关于修订印发咨询通告航空器运营人 全天候运行规定的通知.pdf
2024-11-12 06:55:28 - pdf_renamer - INFO - 使用参数 {'x_tolerance': 3, 'y_tolerance': 3} 提取文本:
2024-11-12 06:55:28 - pdf_renamer - INFO - 找到的文本元素:
2024-11-12 06:55:28 - pdf_renamer - INFO - 文本: 全天候运行规定〉的通知
, 大小: 18.06020000000001
2024-11-12 06:55:28 - pdf_renamer - INFO - 文本: 关于修订印发咨询通告〈航空器运营人, 大小: 17.81940000000003
2024-11-12 06:55:28 - pdf_renamer - INFO - 文本: 《航空器运营人全天候运行要求~ (AC-91-FS-2012-016), 大小: 15.099999999999994
2024-11-12 06:55:28 - pdf_renamer - INFO - 文本: 完全适应相关运行的新情况和新要求。为落实"放管服"要求，简, 大小: 14.448200000000014
2024-11-12 06:55:28 - pdf_renamer - INFO - 文本: 持续提升，以及国际民航全天候运行标准的调整，现行咨询通告, 大小: 14.448199999999986
2024-11-12 06:55:28 - pdf_renamer - INFO - 合并后的文本: 关于修订印发咨询通告〈航空器运营人 全天候运行规定〉的通知
2024-11-12 06:55:28 - pdf_renamer - INFO - 处理: 航空承运人特殊机场的分类标准 及运行要求.pdf
2024-11-12 06:55:29 - pdf_renamer - INFO - 使用参数 {'x_tolerance': 3, 'y_tolerance': 3} 提取文本:
2024-11-12 06:55:29 - pdf_renamer - INFO - 找到的文本元素:
2024-11-12 06:55:29 - pdf_renamer - INFO - 文本: 航空承运人特殊机场的分类标准, 大小: 29.692999999999984
2024-11-12 06:55:29 - pdf_renamer - INFO - 文本: 及运行要求, 大小: 29.692999999999984
2024-11-12 06:55:29 - pdf_renamer - INFO - 文本: 咨, 大小: 25.811000000000035
2024-11-12 06:55:29 - pdf_renamer - INFO - 文本: 询, 大小: 25.811000000000035
2024-11-12 06:55:29 - pdf_renamer - INFO - 文本: 通, 大小: 25.811000000000035
2024-11-12 06:55:29 - pdf_renamer - INFO - 合并后的文本: 航空承运人特殊机场的分类标准 及运行要求
2024-11-12 06:55:29 - pdf_renamer - INFO - 处理: 航空器推迟维修项目的管理.pdf
2024-11-12 06:55:30 - pdf_renamer - INFO - 使用参数 {'x_tolerance': 3, 'y_tolerance': 3} 提取文本:
2024-11-12 06:55:30 - pdf_renamer - INFO - 找到的文本元素:
2024-11-12 06:55:30 - pdf_renamer - INFO - 文本: 航空器推迟维修项目的管理, 大小: 29.692999999999984
2024-11-12 06:55:30 - pdf_renamer - INFO - 文本: 咨, 大小: 25.811000000000035
2024-11-12 06:55:30 - pdf_renamer - INFO - 文本: 询, 大小: 25.811000000000035
2024-11-12 06:55:30 - pdf_renamer - INFO - 文本: 通, 大小: 25.811000000000035
2024-11-12 06:55:30 - pdf_renamer - INFO - 文本: 告, 大小: 25.811000000000035
2024-11-12 06:55:30 - pdf_renamer - INFO - 合并后的文本: 航空器推迟维修项目的管理
2024-11-12 06:55:30 - pdf_renamer - INFO - 处理: 航空器推迟维修项目的管理_1.pdf
2024-11-12 06:55:31 - pdf_renamer - INFO - 使用参数 {'x_tolerance': 3, 'y_tolerance': 3} 提取文本:
2024-11-12 06:55:31 - pdf_renamer - INFO - 找到的文本元素:
2024-11-12 06:55:31 - pdf_renamer - INFO - 文本: 航空器推迟维修项目的管理, 大小: 29.692999999999984
2024-11-12 06:55:31 - pdf_renamer - INFO - 文本: 咨, 大小: 25.811000000000035
2024-11-12 06:55:31 - pdf_renamer - INFO - 文本: 询, 大小: 25.811000000000035
2024-11-12 06:55:31 - pdf_renamer - INFO - 文本: 通, 大小: 25.811000000000035
2024-11-12 06:55:31 - pdf_renamer - INFO - 文本: 告, 大小: 25.811000000000035
2024-11-12 06:55:31 - pdf_renamer - INFO - 合并后的文本: 航空器推迟维修项目的管理
2024-11-12 06:55:31 - pdf_renamer - INFO - 重命名为: 航空器推迟维修项目的管理_2.pdf
2024-11-12 06:55:31 - pdf_renamer - INFO - 处理: 机组标准操作程序.pdf
2024-11-12 06:55:33 - pdf_renamer - INFO - 使用参数 {'x_tolerance': 3, 'y_tolerance': 3} 提取文本:
2024-11-12 06:55:33 - pdf_renamer - INFO - 找到的文本元素:
2024-11-12 06:55:33 - pdf_renamer - INFO - 文本: 机组标准操作程序, 大小: 29.400097918200004
2024-11-12 06:55:33 - pdf_renamer - INFO - 文本: 咨, 大小: 25.599999837059954
2024-11-12 06:55:33 - pdf_renamer - INFO - 文本: 询, 大小: 25.599999837059954
2024-11-12 06:55:33 - pdf_renamer - INFO - 文本: 通, 大小: 25.599999837059954
2024-11-12 06:55:33 - pdf_renamer - INFO - 文本: 告, 大小: 25.599999837059954
2024-11-12 06:55:33 - pdf_renamer - INFO - 合并后的文本: 机组标准操作程序
2024-11-12 06:55:33 - pdf_renamer - INFO - 处理: 民用航空器驾驶员执照理论考试.pdf
2024-11-12 06:55:33 - pdf_renamer - INFO - 使用参数 {'x_tolerance': 3, 'y_tolerance': 3} 提取文本:
2024-11-12 06:55:33 - pdf_renamer - INFO - 找到的文本元素:
2024-11-12 06:55:33 - pdf_renamer - INFO - 文本: 民用航空器驾驶员执照理论考试, 大小: 29.400097918200004
2024-11-12 06:55:33 - pdf_renamer - INFO - 文本: 咨, 大小: 25.599999837059954
2024-11-12 06:55:33 - pdf_renamer - INFO - 文本: 询, 大小: 25.599999837059954
2024-11-12 06:55:33 - pdf_renamer - INFO - 文本: 通, 大小: 25.599999837059954
2024-11-12 06:55:33 - pdf_renamer - INFO - 文本: 告, 大小: 25.599999837059954
2024-11-12 06:55:33 - pdf_renamer - INFO - 合并后的文本: 民用航空器驾驶员执照理论考试
2024-11-12 06:55:34 - pdf_renamer - INFO - 处理: 阳光教辅ygjfnet 1草原3古诗词三首 一会写字一会写字 毯tǎn(绿毯)(毛毯)陈ché....pdf
2024-11-12 06:55:35 - pdf_renamer - INFO - 使用参数 {'x_tolerance': 3, 'y_tolerance': 3} 提取文本:
2024-11-12 06:55:36 - pdf_renamer - INFO - 找到的文本元素:
2024-11-12 06:55:36 - pdf_renamer - INFO - 文本: 六、中心思想, 大小: 9.000000000000014
2024-11-12 06:55:36 - pdf_renamer - INFO - 文本: 1《草原》, 大小: 9.0
2024-11-12 06:55:36 - pdf_renamer - INFO - 文本: 一、会写字, 大小: 9.0
2024-11-12 06:55:36 - pdf_renamer - INFO - 文本: 毯tǎn, 大小: 9.0
2024-11-12 06:55:36 - pdf_renamer - INFO - 文本: (绿毯)(毛毯), 大小: 9.0
2024-11-12 06:55:36 - pdf_renamer - INFO - 合并后的文本: 阳光教辅：ygjf.net 1《草原》3《古诗词三首》 一、会写字一、会写字 毯tǎn(绿毯)(毛毯)陈chén(陈设)(陈旧)裳shang(衣裳)德dé(品德)(恩德)蝉chan(鸣蝉)(蝉联) 虹hóng(彩虹)(霓虹)蹄tí(马蹄)(蹄子)腐fǔ(豆腐)(腐朽)二、易读错字 稍shāo(稍微)(稍稍)微wēi(微笑)(微风)烟渚(zhǔ√zhě)鹊què(鹊桥)(喜鹊) 二、多音字野旷(kuàng√guǎng)路转溪桥忽见(xiàn√jiàn) 三、重点句品析 野旷天低树，江清月近人。 这两句诗借景抒情，诗人怀着愁心，在广袤而宁静的自然 三、近义词中，经求索而发现孤月竟与自己如此亲近，于是，寂寞的 勾勒——勾画洒脱——潇洒迂回——曲折拘束——拘谨愁心得到慰藉。 四、反义词黑云翻墨未遮山，白雨跳珠乱入船。 洒脱——拘束羞涩——大方迂回——笔直这两句诗运用比喻的修辞手法描绘出了大雨骤降的景象。 五、重点词语理解“翻墨”写云的来势，“跳珠”描绘雨点飞溅的样子，以 渲染：国画的一种画法，用水墨或淡的色彩涂抹画面，强艺术效果。动词前移的句式使比喻运用得灵活生动却不露痕迹。 勾勒：用线条画出轮廓。羞涩：难为情，态度不自然。七八个星天外，两三点雨山前。 襟飘带舞：衣襟和裙带迎风飘动。这两句中数量词的运用非常巧妙。“七八个”“两三点” 六、中心思想总结这两个数量词的巧妙运用，道出了“星”是寥落的疏星， 这篇课文记叙了老舍第一次访问内蒙古大草原时的所见、所闻、所感，雨是轻微的细雨，这些都是为了与上阕清幽的夜色、恬静 围绕一个“美”字，赞美了草原的美丽风光，表现了蒙古族同胞的纯的气氛和朴素的乡土气息相吻合。 朴、热情、好客，以及蒙汉两族人民团结互助的深情厚谊。四、中心思想 《宿建德江》写出了写作的地点和事由，描写了诗人2《丁香结》 旅途中夜泊江上所见的江边夜景，前两句触景生情，一、会写字 后两句借景抒情，抒发了诗人孤寂、忧愁的心情。缀zhuì(缀满)(点缀)幽yōu(幽雅)(幽静)雅yǎ(幽雅)(淡雅) 《六月二十七日望湖楼醉书》描写了宋代诗人苏轼在案àn(伏案)(教案)拙zhuō(笨拙)(拙劣)薄bó(单薄)(薄弱) 望湖楼上饮酒时所见到的西湖山雨欲来和雨过天晴后糊hú(模糊)(糊涂)蕾lěi(花蕾)(苞蕾)襟jīn(衣襟)(襟怀) 的景色，由云到风，又由风到雨，生动地写出了大自恍huǎng(恍然)(恍惚)怨yuàn(愁怨)(抱怨) 然的风云变幻，写出了诗人对西湖的赞美之情。“醉二、多音字 书”的意思是：饮酒之后写下的作品。 《西江月·夜行黄沙道中》表现了诗人对丰收之年的 喜悦和对乡村生活的热爱之情。通过对“明月、别枝、 惊鹊、清风、鸣蝉、鸣蝉、稻花香、蛙声”等景物的三、反义词 描写，渲染出夏夜的宁静迷人，写出了词人对丰年的笨拙—聪慧模糊—清楚平淡—精彩 企盼和对人民生活的关心。四、重点词语理解 潇洒：（神情、举止、唳等）自然大方，有韵致，不拘束。 幽雅：幽静而雅致。笨拙：笨，不聪明，不灵巧。 参差：长短、高低、大小不齐，不一致。 迷蒙：昏暗看不分明，迷茫。 妩媚：形容女子、花木等姿态美好可爱。 平淡：（事物、文章等）平常，没有曲折。 五、词语搭配 （星星般）的小花（幽雅）的甜香（参差）的绿（不顺心）的事 六、中心思想 “丁香结”象征着生活中化解不了的烦恼、愁怨。文章告诉我 们生活中总有许多烦恼，要学会用乐观、豁达的态度生活。
2024-11-12 06:55:36 - pdf_renamer - INFO - 处理: 中国东方航空上海飞行部 安全风险通告.pdf
2024-11-12 06:55:36 - pdf_renamer - INFO - 使用参数 {'x_tolerance': 3, 'y_tolerance': 3} 提取文本:
2024-11-12 06:55:36 - pdf_renamer - INFO - 找到的文本元素:
2024-11-12 06:55:36 - pdf_renamer - INFO - 文本: 中国东方航空上海飞行部, 大小: 36.0
2024-11-12 06:55:36 - pdf_renamer - INFO - 文本: 安全风险通告, 大小: 36.0
2024-11-12 06:55:36 - pdf_renamer - INFO - 文本: 主题：关于防擦机尾的安全风险通告, 大小: 21.94999999999999
2024-11-12 06:55:36 - pdf_renamer - INFO - 文本: 飞行部根据运行要求开展项目驱动型风险管理。本次风险管理, 大小: 15.950000000000003
2024-11-12 06:55:36 - pdf_renamer - INFO - 文本: 一、系统与工作分析：, 大小: 15.949999999999989
2024-11-12 06:55:36 - pdf_renamer - INFO - 合并后的文本: 中国东方航空上海飞行部 安全风险通告
2024-11-12 06:55:37 - pdf_renamer - INFO - 处理: 注意 飞行机组程序 Attention FLIGHT CREW PROCEDURE.pdf
2024-11-12 06:55:37 - pdf_renamer - INFO - 使用参数 {'x_tolerance': 3, 'y_tolerance': 3} 提取文本:
2024-11-12 06:55:37 - pdf_renamer - INFO - 找到的文本元素:
2024-11-12 06:55:37 - pdf_renamer - INFO - 文本: 注, 大小: 18.0
2024-11-12 06:55:37 - pdf_renamer - INFO - 文本: 意, 大小: 18.0
2024-11-12 06:55:37 - pdf_renamer - INFO - 文本:  , 大小: 18.0
2024-11-12 06:55:37 - pdf_renamer - INFO - 文本: 飞, 大小: 18.0
2024-11-12 06:55:37 - pdf_renamer - INFO - 文本: 行, 大小: 18.0
2024-11-12 06:55:37 - pdf_renamer - INFO - 合并后的文本: 注意 飞行机组程序 Attention FLIGHT CREW PROCEDURE
2024-11-12 06:55:38 - pdf_renamer - INFO - 处理: 咨询通告  航空器运行 目视和仪表飞行程序设计规范.pdf
2024-11-12 06:55:45 - pdf_renamer - INFO - 使用参数 {'x_tolerance': 3, 'y_tolerance': 3} 提取文本:
2024-11-12 06:55:45 - pdf_renamer - INFO - 找到的文本元素:
2024-11-12 06:55:45 - pdf_renamer - INFO - 文本: 　, 大小: 25.811000000000035
2024-11-12 06:55:45 - pdf_renamer - INFO - 文本: 咨, 大小: 25.811000000000035
2024-11-12 06:55:45 - pdf_renamer - INFO - 文本: 询, 大小: 25.811000000000035
2024-11-12 06:55:45 - pdf_renamer - INFO - 文本: 通, 大小: 25.811000000000035
2024-11-12 06:55:45 - pdf_renamer - INFO - 文本: 告, 大小: 25.811000000000035
2024-11-12 06:55:45 - pdf_renamer - INFO - 合并后的文本: 咨询通告  航空器运行 目视和仪表飞行程序设计规范
2024-11-12 06:55:45 - pdf_renamer - INFO - 处理: 咨询通告 航空器运行 目视和仪表飞行程序设计规范.pdf
2024-11-12 06:55:49 - pdf_renamer - INFO - 使用参数 {'x_tolerance': 3, 'y_tolerance': 3} 提取文本:
2024-11-12 06:55:49 - pdf_renamer - INFO - 找到的文本元素:
2024-11-12 06:55:49 - pdf_renamer - INFO - 文本: 咨, 大小: 25.811000000000035
2024-11-12 06:55:49 - pdf_renamer - INFO - 文本: 询, 大小: 25.811000000000035
2024-11-12 06:55:49 - pdf_renamer - INFO - 文本: 通, 大小: 25.811000000000035
2024-11-12 06:55:49 - pdf_renamer - INFO - 文本: 告, 大小: 25.811000000000035
2024-11-12 06:55:49 - pdf_renamer - INFO - 文本: 航空器运行, 大小: 25.811000000000035
2024-11-12 06:55:49 - pdf_renamer - INFO - 合并后的文本: 咨询通告 航空器运行 目视和仪表飞行程序设计规范
2024-11-12 06:55:49 - pdf_renamer - INFO - 处理: 咨询通告.pdf
2024-11-12 06:55:50 - pdf_renamer - INFO - 使用参数 {'x_tolerance': 3, 'y_tolerance': 3} 提取文本:
2024-11-12 06:55:50 - pdf_renamer - INFO - 找到的文本元素:
2024-11-12 06:55:50 - pdf_renamer - INFO - 文本:           咨询通告, 大小: 36.0
2024-11-12 06:55:50 - pdf_renamer - INFO - 文本: 航空器的运行文件 , 大小: 26.04000000000002
2024-11-12 06:55:50 - pdf_renamer - INFO - 文本:  , 大小: 21.95999999999998
2024-11-12 06:55:50 - pdf_renamer - INFO - 文本:  , 大小: 15.960000000000036
2024-11-12 06:55:50 - pdf_renamer - INFO - 文本:  , 大小: 15.960000000000036
2024-11-12 06:55:50 - pdf_renamer - INFO - 合并后的文本: 咨询通告
2024-11-12 09:50:38 - pdf_renamer - INFO - 虎大王PDF重命名工具启动...
2024-11-12 09:50:38 - pdf_renamer - INFO - Python版本: 3.8.20 (default, Oct  3 2024, 15:19:54) [MSC v.1929 64 bit (AMD64)]
2024-11-12 09:50:38 - pdf_renamer - INFO - Python路径: D:\pdf_renamer\.conda\python.exe
2024-11-12 09:50:38 - pdf_renamer - INFO - 工作目录: D:\pdf_renamer
2024-11-12 09:50:38 - pdf_renamer - INFO - 程序已准备就绪
2024-11-12 09:50:38 - pdf_renamer - INFO - 按ESC键可以随时终止程序
2024-11-12 09:50:44 - pdf_renamer - INFO - 已选择 22 个文件
2024-11-12 09:50:44 - pdf_renamer - INFO - 找到 22 个PDF文件
2024-11-12 09:50:44 - pdf_renamer - INFO - 处理: 13.pdf
2024-11-12 09:50:44 - pdf_renamer - WARNING - 13.pdf 无法提取有效文本
2024-11-12 09:50:44 - pdf_renamer - WARNING - 无法从 13.pdf 提取文本
2024-11-12 09:50:44 - pdf_renamer - INFO - 处理: 120.pdf
2024-11-12 09:50:44 - pdf_renamer - WARNING - 120.pdf 无法提取有效文本
2024-11-12 09:50:44 - pdf_renamer - WARNING - 无法从 120.pdf 提取文本
2024-11-12 09:50:44 - pdf_renamer - INFO - 处理: 121.PDF
2024-11-12 09:50:44 - pdf_renamer - WARNING - 121.PDF 无法提取有效文本
2024-11-12 09:50:44 - pdf_renamer - WARNING - 无法从 121.PDF 提取文本
2024-11-12 09:50:44 - pdf_renamer - INFO - 处理: 122.pdf
2024-11-12 09:50:44 - pdf_renamer - WARNING - 122.pdf 无法提取有效文本
2024-11-12 09:50:44 - pdf_renamer - WARNING - 无法从 122.pdf 提取文本
2024-11-12 09:50:44 - pdf_renamer - INFO - 处理: 2024 届上海市初中语文课程评价规定的  150 个文言实词.pdf
2024-11-12 09:50:46 - pdf_renamer - INFO - 使用参数 {'x_tolerance': 3, 'y_tolerance': 3} 提取文本:
2024-11-12 09:50:46 - pdf_renamer - INFO - 找到的文本元素:
2024-11-12 09:50:46 - pdf_renamer - INFO - 文本: 2024 届上海市初中语文课程评价规定的, 大小: 17.519999999999982
2024-11-12 09:50:46 - pdf_renamer - INFO - 文本:  , 大小: 17.519999999999982
2024-11-12 09:50:46 - pdf_renamer - INFO - 文本: 150 个文言实词 , 大小: 17.519999999999982
2024-11-12 09:50:46 - pdf_renamer - INFO - 文本:  , 大小: 12.480000000000018
2024-11-12 09:50:46 - pdf_renamer - INFO - 文本:  , 大小: 12.480000000000018
2024-11-12 09:50:46 - pdf_renamer - INFO - 合并后的文本: 2024 届上海市初中语文课程评价规定的  150 个文言实词
2024-11-12 09:50:46 - pdf_renamer - INFO - 处理: CCAR121部合格证持有人 的疲劳管理要求.pdf
2024-11-12 09:50:48 - pdf_renamer - INFO - 使用参数 {'x_tolerance': 3, 'y_tolerance': 3} 提取文本:
2024-11-12 09:50:48 - pdf_renamer - INFO - 找到的文本元素:
2024-11-12 09:50:48 - pdf_renamer - INFO - 文本: CCAR121, 大小: 36.0
2024-11-12 09:50:48 - pdf_renamer - INFO - 文本: 部合格证持有人, 大小: 36.0
2024-11-12 09:50:48 - pdf_renamer - INFO - 文本: 的疲劳管理要求 , 大小: 36.0
2024-11-12 09:50:48 - pdf_renamer - INFO - 文本:  , 大小: 36.0
2024-11-12 09:50:48 - pdf_renamer - INFO - 文本:  , 大小: 36.0
2024-11-12 09:50:48 - pdf_renamer - INFO - 合并后的文本: CCAR121部合格证持有人 的疲劳管理要求 
2024-11-12 09:50:48 - pdf_renamer - INFO - 处理: fn.pdf
2024-11-12 09:50:49 - pdf_renamer - INFO - 使用参数 {'x_tolerance': 3, 'y_tolerance': 3} 提取文本:
2024-11-12 09:50:49 - pdf_renamer - INFO - 找到的文本元素:
2024-11-12 09:50:49 - pdf_renamer - INFO - 文本: f;n
, 大小: 39.0
2024-11-12 09:50:49 - pdf_renamer - INFO - 文本:  , 大小: 39.0
2024-11-12 09:50:49 - pdf_renamer - INFO - 文本: RNAVI , 大小: 30.19999999999999
2024-11-12 09:50:49 - pdf_renamer - INFO - 文本: RNAV2 , 大小: 30.19999999999999
2024-11-12 09:50:49 - pdf_renamer - INFO - 文本: tErL.f;n~tlg~., 大小: 26.399999999999977
2024-11-12 09:50:49 - pdf_renamer - INFO - 合并后的文本: f;n
2024-11-12 09:50:49 - pdf_renamer - INFO - 处理: Worldwide rules and guidance.pdf
2024-11-12 09:50:50 - pdf_renamer - INFO - 使用参数 {'x_tolerance': 3, 'y_tolerance': 3} 提取文本:
2024-11-12 09:50:50 - pdf_renamer - INFO - 找到的文本元素:
2024-11-12 09:50:50 - pdf_renamer - INFO - 文本: Worldwide rules and guidance, 大小: 44.04000000000002
2024-11-12 09:50:50 - pdf_renamer - INFO - 合并后的文本: Worldwide rules and guidance
2024-11-12 09:50:50 - pdf_renamer - INFO - 处理: 第1单元六年级（上册）语文详细知识考点.pdf
2024-11-12 09:50:54 - pdf_renamer - INFO - 使用参数 {'x_tolerance': 3, 'y_tolerance': 3} 提取文本:
2024-11-12 09:50:54 - pdf_renamer - INFO - 找到的文本元素:
2024-11-12 09:50:54 - pdf_renamer - INFO - 文本: 第1单元六年级（上册）语文：详细知识考点, 大小: 26.0
2024-11-12 09:50:54 - pdf_renamer - INFO - 文本: 蒙, 大小: 12.000000000000057
2024-11-12 09:50:54 - pdf_renamer - INFO - 文本: mēng, 大小: 12.000000000000057
2024-11-12 09:50:54 - pdf_renamer - INFO - 文本: 蒙骗、蒙头转向, 大小: 12.000000000000057
2024-11-12 09:50:54 - pdf_renamer - INFO - 文本: méng, 大小: 12.000000000000057
2024-11-12 09:50:54 - pdf_renamer - INFO - 合并后的文本: 第1单元六年级（上册）语文：详细知识考点
2024-11-12 09:50:54 - pdf_renamer - INFO - 处理: 飞行程序.pdf
2024-11-12 09:51:03 - pdf_renamer - INFO - 使用参数 {'x_tolerance': 3, 'y_tolerance': 3} 提取文本:
2024-11-12 09:51:03 - pdf_renamer - INFO - 找到的文本元素:
2024-11-12 09:51:03 - pdf_renamer - INFO - 文本: 飞行程序 , 大小: 36.0
2024-11-12 09:51:03 - pdf_renamer - INFO - 文本:  , 大小: 18.000000000000057
2024-11-12 09:51:03 - pdf_renamer - INFO - 文本:          咨, 大小: 18.0
2024-11-12 09:51:03 - pdf_renamer - INFO - 文本:  询, 大小: 18.0
2024-11-12 09:51:03 - pdf_renamer - INFO - 文本:  通, 大小: 18.0
2024-11-12 09:51:03 - pdf_renamer - INFO - 合并后的文本: 飞行程序
2024-11-12 09:51:03 - pdf_renamer - INFO - 处理: 关于修订印发咨询通告航空器运营人 全天候运行规定的通知.pdf
2024-11-12 09:51:06 - pdf_renamer - INFO - 使用参数 {'x_tolerance': 3, 'y_tolerance': 3} 提取文本:
2024-11-12 09:51:06 - pdf_renamer - INFO - 找到的文本元素:
2024-11-12 09:51:06 - pdf_renamer - INFO - 文本: 全天候运行规定〉的通知
, 大小: 18.06020000000001
2024-11-12 09:51:06 - pdf_renamer - INFO - 文本: 关于修订印发咨询通告〈航空器运营人, 大小: 17.81940000000003
2024-11-12 09:51:06 - pdf_renamer - INFO - 文本: 《航空器运营人全天候运行要求~ (AC-91-FS-2012-016), 大小: 15.099999999999994
2024-11-12 09:51:06 - pdf_renamer - INFO - 文本: 完全适应相关运行的新情况和新要求。为落实"放管服"要求，简, 大小: 14.448200000000014
2024-11-12 09:51:06 - pdf_renamer - INFO - 文本: 持续提升，以及国际民航全天候运行标准的调整，现行咨询通告, 大小: 14.448199999999986
2024-11-12 09:51:06 - pdf_renamer - INFO - 合并后的文本: 关于修订印发咨询通告〈航空器运营人 全天候运行规定〉的通知
2024-11-12 09:51:07 - pdf_renamer - INFO - 处理: 航空承运人特殊机场的分类标准 及运行要求.pdf
2024-11-12 09:51:08 - pdf_renamer - INFO - 使用参数 {'x_tolerance': 3, 'y_tolerance': 3} 提取文本:
2024-11-12 09:51:08 - pdf_renamer - INFO - 找到的文本元素:
2024-11-12 09:51:08 - pdf_renamer - INFO - 文本: 航空承运人特殊机场的分类标准, 大小: 29.692999999999984
2024-11-12 09:51:08 - pdf_renamer - INFO - 文本: 及运行要求, 大小: 29.692999999999984
2024-11-12 09:51:08 - pdf_renamer - INFO - 文本: 咨, 大小: 25.811000000000035
2024-11-12 09:51:08 - pdf_renamer - INFO - 文本: 询, 大小: 25.811000000000035
2024-11-12 09:51:08 - pdf_renamer - INFO - 文本: 通, 大小: 25.811000000000035
2024-11-12 09:51:08 - pdf_renamer - INFO - 合并后的文本: 航空承运人特殊机场的分类标准 及运行要求
2024-11-12 09:51:08 - pdf_renamer - INFO - 处理: 航空器推迟维修项目的管理.pdf
2024-11-12 09:51:09 - pdf_renamer - INFO - 使用参数 {'x_tolerance': 3, 'y_tolerance': 3} 提取文本:
2024-11-12 09:51:09 - pdf_renamer - INFO - 找到的文本元素:
2024-11-12 09:51:09 - pdf_renamer - INFO - 文本: 航空器推迟维修项目的管理, 大小: 29.692999999999984
2024-11-12 09:51:09 - pdf_renamer - INFO - 文本: 咨, 大小: 25.811000000000035
2024-11-12 09:51:09 - pdf_renamer - INFO - 文本: 询, 大小: 25.811000000000035
2024-11-12 09:51:09 - pdf_renamer - INFO - 文本: 通, 大小: 25.811000000000035
2024-11-12 09:51:09 - pdf_renamer - INFO - 文本: 告, 大小: 25.811000000000035
2024-11-12 09:51:09 - pdf_renamer - INFO - 合并后的文本: 航空器推迟维修项目的管理
2024-11-12 09:51:10 - pdf_renamer - INFO - 处理: 航空器推迟维修项目的管理_2.pdf
2024-11-12 09:51:11 - pdf_renamer - INFO - 使用参数 {'x_tolerance': 3, 'y_tolerance': 3} 提取文本:
2024-11-12 09:51:11 - pdf_renamer - INFO - 找到的文本元素:
2024-11-12 09:51:11 - pdf_renamer - INFO - 文本: 航空器推迟维修项目的管理, 大小: 29.692999999999984
2024-11-12 09:51:11 - pdf_renamer - INFO - 文本: 咨, 大小: 25.811000000000035
2024-11-12 09:51:11 - pdf_renamer - INFO - 文本: 询, 大小: 25.811000000000035
2024-11-12 09:51:11 - pdf_renamer - INFO - 文本: 通, 大小: 25.811000000000035
2024-11-12 09:51:11 - pdf_renamer - INFO - 文本: 告, 大小: 25.811000000000035
2024-11-12 09:51:11 - pdf_renamer - INFO - 合并后的文本: 航空器推迟维修项目的管理
2024-11-12 09:51:11 - pdf_renamer - INFO - 重命名为: 航空器推迟维修项目的管理_1.pdf
2024-11-12 09:51:11 - pdf_renamer - INFO - 处理: 机组标准操作程序.pdf
2024-11-12 09:51:13 - pdf_renamer - INFO - 使用参数 {'x_tolerance': 3, 'y_tolerance': 3} 提取文本:
2024-11-12 09:51:13 - pdf_renamer - INFO - 找到的文本元素:
2024-11-12 09:51:13 - pdf_renamer - INFO - 文本: 机组标准操作程序, 大小: 29.400097918200004
2024-11-12 09:51:13 - pdf_renamer - INFO - 文本: 咨, 大小: 25.599999837059954
2024-11-12 09:51:13 - pdf_renamer - INFO - 文本: 询, 大小: 25.599999837059954
2024-11-12 09:51:13 - pdf_renamer - INFO - 文本: 通, 大小: 25.599999837059954
2024-11-12 09:51:13 - pdf_renamer - INFO - 文本: 告, 大小: 25.599999837059954
2024-11-12 09:51:13 - pdf_renamer - INFO - 合并后的文本: 机组标准操作程序
2024-11-12 09:51:13 - pdf_renamer - INFO - 处理: 民用航空器驾驶员执照理论考试.pdf
2024-11-12 09:51:14 - pdf_renamer - INFO - 使用参数 {'x_tolerance': 3, 'y_tolerance': 3} 提取文本:
2024-11-12 09:51:14 - pdf_renamer - INFO - 找到的文本元素:
2024-11-12 09:51:14 - pdf_renamer - INFO - 文本: 民用航空器驾驶员执照理论考试, 大小: 29.400097918200004
2024-11-12 09:51:14 - pdf_renamer - INFO - 文本: 咨, 大小: 25.599999837059954
2024-11-12 09:51:14 - pdf_renamer - INFO - 文本: 询, 大小: 25.599999837059954
2024-11-12 09:51:14 - pdf_renamer - INFO - 文本: 通, 大小: 25.599999837059954
2024-11-12 09:51:14 - pdf_renamer - INFO - 文本: 告, 大小: 25.599999837059954
2024-11-12 09:51:14 - pdf_renamer - INFO - 合并后的文本: 民用航空器驾驶员执照理论考试
2024-11-12 09:51:14 - pdf_renamer - INFO - 处理: 阳光教辅ygjfnet 1草原3古诗词三首 一会写字一会写字 毯tǎn(绿毯)(毛毯)陈ché....pdf
2024-11-12 09:51:17 - pdf_renamer - INFO - 使用参数 {'x_tolerance': 3, 'y_tolerance': 3} 提取文本:
2024-11-12 09:51:17 - pdf_renamer - INFO - 找到的文本元素:
2024-11-12 09:51:17 - pdf_renamer - INFO - 文本: 六、中心思想, 大小: 9.000000000000014
2024-11-12 09:51:17 - pdf_renamer - INFO - 文本: 1《草原》, 大小: 9.0
2024-11-12 09:51:17 - pdf_renamer - INFO - 文本: 一、会写字, 大小: 9.0
2024-11-12 09:51:17 - pdf_renamer - INFO - 文本: 毯tǎn, 大小: 9.0
2024-11-12 09:51:17 - pdf_renamer - INFO - 文本: (绿毯)(毛毯), 大小: 9.0
2024-11-12 09:51:17 - pdf_renamer - INFO - 合并后的文本: 阳光教辅：ygjf.net 1《草原》3《古诗词三首》 一、会写字一、会写字 毯tǎn(绿毯)(毛毯)陈chén(陈设)(陈旧)裳shang(衣裳)德dé(品德)(恩德)蝉chan(鸣蝉)(蝉联) 虹hóng(彩虹)(霓虹)蹄tí(马蹄)(蹄子)腐fǔ(豆腐)(腐朽)二、易读错字 稍shāo(稍微)(稍稍)微wēi(微笑)(微风)烟渚(zhǔ√zhě)鹊què(鹊桥)(喜鹊) 二、多音字野旷(kuàng√guǎng)路转溪桥忽见(xiàn√jiàn) 三、重点句品析 野旷天低树，江清月近人。 这两句诗借景抒情，诗人怀着愁心，在广袤而宁静的自然 三、近义词中，经求索而发现孤月竟与自己如此亲近，于是，寂寞的 勾勒——勾画洒脱——潇洒迂回——曲折拘束——拘谨愁心得到慰藉。 四、反义词黑云翻墨未遮山，白雨跳珠乱入船。 洒脱——拘束羞涩——大方迂回——笔直这两句诗运用比喻的修辞手法描绘出了大雨骤降的景象。 五、重点词语理解“翻墨”写云的来势，“跳珠”描绘雨点飞溅的样子，以 渲染：国画的一种画法，用水墨或淡的色彩涂抹画面，强艺术效果。动词前移的句式使比喻运用得灵活生动却不露痕迹。 勾勒：用线条画出轮廓。羞涩：难为情，态度不自然。七八个星天外，两三点雨山前。 襟飘带舞：衣襟和裙带迎风飘动。这两句中数量词的运用非常巧妙。“七八个”“两三点” 六、中心思想总结这两个数量词的巧妙运用，道出了“星”是寥落的疏星， 这篇课文记叙了老舍第一次访问内蒙古大草原时的所见、所闻、所感，雨是轻微的细雨，这些都是为了与上阕清幽的夜色、恬静 围绕一个“美”字，赞美了草原的美丽风光，表现了蒙古族同胞的纯的气氛和朴素的乡土气息相吻合。 朴、热情、好客，以及蒙汉两族人民团结互助的深情厚谊。四、中心思想 《宿建德江》写出了写作的地点和事由，描写了诗人2《丁香结》 旅途中夜泊江上所见的江边夜景，前两句触景生情，一、会写字 后两句借景抒情，抒发了诗人孤寂、忧愁的心情。缀zhuì(缀满)(点缀)幽yōu(幽雅)(幽静)雅yǎ(幽雅)(淡雅) 《六月二十七日望湖楼醉书》描写了宋代诗人苏轼在案àn(伏案)(教案)拙zhuō(笨拙)(拙劣)薄bó(单薄)(薄弱) 望湖楼上饮酒时所见到的西湖山雨欲来和雨过天晴后糊hú(模糊)(糊涂)蕾lěi(花蕾)(苞蕾)襟jīn(衣襟)(襟怀) 的景色，由云到风，又由风到雨，生动地写出了大自恍huǎng(恍然)(恍惚)怨yuàn(愁怨)(抱怨) 然的风云变幻，写出了诗人对西湖的赞美之情。“醉二、多音字 书”的意思是：饮酒之后写下的作品。 《西江月·夜行黄沙道中》表现了诗人对丰收之年的 喜悦和对乡村生活的热爱之情。通过对“明月、别枝、 惊鹊、清风、鸣蝉、鸣蝉、稻花香、蛙声”等景物的三、反义词 描写，渲染出夏夜的宁静迷人，写出了词人对丰年的笨拙—聪慧模糊—清楚平淡—精彩 企盼和对人民生活的关心。四、重点词语理解 潇洒：（神情、举止、唳等）自然大方，有韵致，不拘束。 幽雅：幽静而雅致。笨拙：笨，不聪明，不灵巧。 参差：长短、高低、大小不齐，不一致。 迷蒙：昏暗看不分明，迷茫。 妩媚：形容女子、花木等姿态美好可爱。 平淡：（事物、文章等）平常，没有曲折。 五、词语搭配 （星星般）的小花（幽雅）的甜香（参差）的绿（不顺心）的事 六、中心思想 “丁香结”象征着生活中化解不了的烦恼、愁怨。文章告诉我 们生活中总有许多烦恼，要学会用乐观、豁达的态度生活。
2024-11-12 09:51:17 - pdf_renamer - INFO - 处理: 中国东方航空上海飞行部 安全风险通告.pdf
2024-11-12 09:51:18 - pdf_renamer - INFO - 使用参数 {'x_tolerance': 3, 'y_tolerance': 3} 提取文本:
2024-11-12 09:51:18 - pdf_renamer - INFO - 找到的文本元素:
2024-11-12 09:51:18 - pdf_renamer - INFO - 文本: 中国东方航空上海飞行部, 大小: 36.0
2024-11-12 09:51:18 - pdf_renamer - INFO - 文本: 安全风险通告, 大小: 36.0
2024-11-12 09:51:18 - pdf_renamer - INFO - 文本: 主题：关于防擦机尾的安全风险通告, 大小: 21.94999999999999
2024-11-12 09:51:18 - pdf_renamer - INFO - 文本: 飞行部根据运行要求开展项目驱动型风险管理。本次风险管理, 大小: 15.950000000000003
2024-11-12 09:51:18 - pdf_renamer - INFO - 文本: 一、系统与工作分析：, 大小: 15.949999999999989
2024-11-12 09:51:18 - pdf_renamer - INFO - 合并后的文本: 中国东方航空上海飞行部 安全风险通告
2024-11-12 09:51:18 - pdf_renamer - INFO - 处理: 注意 飞行机组程序 Attention FLIGHT CREW PROCEDURE.pdf
2024-11-12 09:51:19 - pdf_renamer - INFO - 使用参数 {'x_tolerance': 3, 'y_tolerance': 3} 提取文本:
2024-11-12 09:51:19 - pdf_renamer - INFO - 找到的文本元素:
2024-11-12 09:51:19 - pdf_renamer - INFO - 文本: 注, 大小: 18.0
2024-11-12 09:51:19 - pdf_renamer - INFO - 文本: 意, 大小: 18.0
2024-11-12 09:51:19 - pdf_renamer - INFO - 文本:  , 大小: 18.0
2024-11-12 09:51:19 - pdf_renamer - INFO - 文本: 飞, 大小: 18.0
2024-11-12 09:51:19 - pdf_renamer - INFO - 文本: 行, 大小: 18.0
2024-11-12 09:51:19 - pdf_renamer - INFO - 合并后的文本: 注意 飞行机组程序 Attention FLIGHT CREW PROCEDURE
2024-11-12 09:51:19 - pdf_renamer - INFO - 处理: 咨询通告  航空器运行 目视和仪表飞行程序设计规范.pdf
2024-11-12 09:51:31 - pdf_renamer - INFO - 使用参数 {'x_tolerance': 3, 'y_tolerance': 3} 提取文本:
2024-11-12 09:51:31 - pdf_renamer - INFO - 找到的文本元素:
2024-11-12 09:51:31 - pdf_renamer - INFO - 文本: 　, 大小: 25.811000000000035
2024-11-12 09:51:31 - pdf_renamer - INFO - 文本: 咨, 大小: 25.811000000000035
2024-11-12 09:51:31 - pdf_renamer - INFO - 文本: 询, 大小: 25.811000000000035
2024-11-12 09:51:31 - pdf_renamer - INFO - 文本: 通, 大小: 25.811000000000035
2024-11-12 09:51:31 - pdf_renamer - INFO - 文本: 告, 大小: 25.811000000000035
2024-11-12 09:51:31 - pdf_renamer - INFO - 合并后的文本: 咨询通告  航空器运行 目视和仪表飞行程序设计规范
2024-11-12 09:51:32 - pdf_renamer - INFO - 处理: 咨询通告 航空器运行 目视和仪表飞行程序设计规范.pdf
2024-11-12 09:51:49 - pdf_renamer - INFO - 使用参数 {'x_tolerance': 3, 'y_tolerance': 3} 提取文本:
2024-11-12 09:51:49 - pdf_renamer - INFO - 找到的文本元素:
2024-11-12 09:51:49 - pdf_renamer - INFO - 文本: 咨, 大小: 25.811000000000035
2024-11-12 09:51:49 - pdf_renamer - INFO - 文本: 询, 大小: 25.811000000000035
2024-11-12 09:51:49 - pdf_renamer - INFO - 文本: 通, 大小: 25.811000000000035
2024-11-12 09:51:49 - pdf_renamer - INFO - 文本: 告, 大小: 25.811000000000035
2024-11-12 09:51:49 - pdf_renamer - INFO - 文本: 航空器运行, 大小: 25.811000000000035
2024-11-12 09:51:50 - pdf_renamer - INFO - 合并后的文本: 咨询通告 航空器运行 目视和仪表飞行程序设计规范
2024-11-12 09:51:50 - pdf_renamer - INFO - 处理: 咨询通告.pdf
2024-11-12 09:51:50 - pdf_renamer - INFO - 使用参数 {'x_tolerance': 3, 'y_tolerance': 3} 提取文本:
2024-11-12 09:51:50 - pdf_renamer - INFO - 找到的文本元素:
2024-11-12 09:51:50 - pdf_renamer - INFO - 文本:           咨询通告, 大小: 36.0
2024-11-12 09:51:50 - pdf_renamer - INFO - 文本: 航空器的运行文件 , 大小: 26.04000000000002
2024-11-12 09:51:50 - pdf_renamer - INFO - 文本:  , 大小: 21.95999999999998
2024-11-12 09:51:50 - pdf_renamer - INFO - 文本:  , 大小: 15.960000000000036
2024-11-12 09:51:50 - pdf_renamer - INFO - 文本:  , 大小: 15.960000000000036
2024-11-12 09:51:50 - pdf_renamer - INFO - 合并后的文本: 咨询通告
2024-11-12 09:54:14 - pdf_renamer - INFO - 虎大王PDF重命名工具启动...
2024-11-12 09:54:14 - pdf_renamer - INFO - Python版本: 3.8.20 (default, Oct  3 2024, 15:19:54) [MSC v.1929 64 bit (AMD64)]
2024-11-12 09:54:14 - pdf_renamer - INFO - Python路径: D:\pdf_renamer\.conda\python.exe
2024-11-12 09:54:14 - pdf_renamer - INFO - 工作目录: D:\pdf_renamer
2024-11-12 09:54:14 - pdf_renamer - INFO - 程序已准备就绪
2024-11-12 09:54:14 - pdf_renamer - INFO - 按ESC键可以随时终止程序
2024-11-12 09:54:20 - pdf_renamer - INFO - 已选择 11 个文件
2024-11-12 09:54:20 - pdf_renamer - INFO - 找到 11 个PDF文件
2024-11-12 09:54:21 - pdf_renamer - INFO - 处理: 13.pdf
2024-11-12 09:54:21 - pdf_renamer - WARNING - 13.pdf 无法提取有效文本
2024-11-12 09:54:21 - pdf_renamer - INFO - 处理: 120.pdf
2024-11-12 09:54:21 - pdf_renamer - WARNING - 120.pdf 无法提取有效文本
2024-11-12 09:54:21 - pdf_renamer - INFO - 处理: 121.PDF
2024-11-12 09:54:21 - pdf_renamer - WARNING - 121.PDF 无法提取有效文本
2024-11-12 09:54:22 - pdf_renamer - INFO - 处理: 122.pdf
2024-11-12 09:54:22 - pdf_renamer - WARNING - 122.pdf 无法提取有效文本
2024-11-12 09:54:22 - pdf_renamer - INFO - 处理: 2024 届上海市初中语文课程评价规定的  150 个文言实词.pdf
2024-11-12 09:54:23 - pdf_renamer - INFO - 使用参数 {'x_tolerance': 3, 'y_tolerance': 3} 提取文本:
2024-11-12 09:54:23 - pdf_renamer - INFO - 找到的文本元素:
2024-11-12 09:54:23 - pdf_renamer - INFO - 文本: 2024 届上海市初中语文课程评价规定的, 大小: 17.519999999999982
2024-11-12 09:54:23 - pdf_renamer - INFO - 文本:  , 大小: 17.519999999999982
2024-11-12 09:54:23 - pdf_renamer - INFO - 文本: 150 个文言实词 , 大小: 17.519999999999982
2024-11-12 09:54:23 - pdf_renamer - INFO - 文本:  , 大小: 12.480000000000018
2024-11-12 09:54:23 - pdf_renamer - INFO - 文本:  , 大小: 12.480000000000018
2024-11-12 09:54:23 - pdf_renamer - INFO - 合并后的文本: 2024 届上海市初中语文课程评价规定的  150 个文言实词
2024-11-12 09:54:23 - pdf_renamer - INFO - 处理: CCAR121部合格证持有人 的疲劳管理要求.pdf
2024-11-12 09:54:24 - pdf_renamer - INFO - 使用参数 {'x_tolerance': 3, 'y_tolerance': 3} 提取文本:
2024-11-12 09:54:24 - pdf_renamer - INFO - 找到的文本元素:
2024-11-12 09:54:24 - pdf_renamer - INFO - 文本: CCAR121, 大小: 36.0
2024-11-12 09:54:24 - pdf_renamer - INFO - 文本: 部合格证持有人, 大小: 36.0
2024-11-12 09:54:24 - pdf_renamer - INFO - 文本: 的疲劳管理要求 , 大小: 36.0
2024-11-12 09:54:24 - pdf_renamer - INFO - 文本:  , 大小: 36.0
2024-11-12 09:54:24 - pdf_renamer - INFO - 文本:  , 大小: 36.0
2024-11-12 09:54:24 - pdf_renamer - INFO - 合并后的文本: CCAR121部合格证持有人 的疲劳管理要求 
2024-11-12 09:54:24 - pdf_renamer - INFO - 处理: fn.pdf
2024-11-12 09:54:25 - pdf_renamer - INFO - 使用参数 {'x_tolerance': 3, 'y_tolerance': 3} 提取文本:
2024-11-12 09:54:25 - pdf_renamer - INFO - 找到的文本元素:
2024-11-12 09:54:25 - pdf_renamer - INFO - 文本: f;n
, 大小: 39.0
2024-11-12 09:54:25 - pdf_renamer - INFO - 文本:  , 大小: 39.0
2024-11-12 09:54:25 - pdf_renamer - INFO - 文本: RNAVI , 大小: 30.19999999999999
2024-11-12 09:54:25 - pdf_renamer - INFO - 文本: RNAV2 , 大小: 30.19999999999999
2024-11-12 09:54:25 - pdf_renamer - INFO - 文本: tErL.f;n~tlg~., 大小: 26.399999999999977
2024-11-12 09:54:25 - pdf_renamer - INFO - 合并后的文本: f;n
2024-11-12 09:54:25 - pdf_renamer - INFO - 处理: Worldwide rules and guidance.pdf
2024-11-12 09:54:25 - pdf_renamer - INFO - 使用参数 {'x_tolerance': 3, 'y_tolerance': 3} 提取文本:
2024-11-12 09:54:25 - pdf_renamer - INFO - 找到的文本元素:
2024-11-12 09:54:25 - pdf_renamer - INFO - 文本: Worldwide rules and guidance, 大小: 44.04000000000002
2024-11-12 09:54:25 - pdf_renamer - INFO - 合并后的文本: Worldwide rules and guidance
2024-11-12 09:54:26 - pdf_renamer - INFO - 处理: 第1单元六年级（上册）语文详细知识考点.pdf
2024-11-12 09:54:28 - pdf_renamer - INFO - 使用参数 {'x_tolerance': 3, 'y_tolerance': 3} 提取文本:
2024-11-12 09:54:28 - pdf_renamer - INFO - 找到的文本元素:
2024-11-12 09:54:28 - pdf_renamer - INFO - 文本: 第1单元六年级（上册）语文：详细知识考点, 大小: 26.0
2024-11-12 09:54:28 - pdf_renamer - INFO - 文本: 蒙, 大小: 12.000000000000057
2024-11-12 09:54:28 - pdf_renamer - INFO - 文本: mēng, 大小: 12.000000000000057
2024-11-12 09:54:28 - pdf_renamer - INFO - 文本: 蒙骗、蒙头转向, 大小: 12.000000000000057
2024-11-12 09:54:28 - pdf_renamer - INFO - 文本: méng, 大小: 12.000000000000057
2024-11-12 09:54:28 - pdf_renamer - INFO - 合并后的文本: 第1单元六年级（上册）语文：详细知识考点
2024-11-12 09:54:28 - pdf_renamer - INFO - 处理: 飞行程序.pdf
2024-11-12 09:54:31 - pdf_renamer - INFO - 使用参数 {'x_tolerance': 3, 'y_tolerance': 3} 提取文本:
2024-11-12 09:54:31 - pdf_renamer - INFO - 找到的文本元素:
2024-11-12 09:54:31 - pdf_renamer - INFO - 文本: 飞行程序 , 大小: 36.0
2024-11-12 09:54:31 - pdf_renamer - INFO - 文本:  , 大小: 18.000000000000057
2024-11-12 09:54:31 - pdf_renamer - INFO - 文本:          咨, 大小: 18.0
2024-11-12 09:54:31 - pdf_renamer - INFO - 文本:  询, 大小: 18.0
2024-11-12 09:54:31 - pdf_renamer - INFO - 文本:  通, 大小: 18.0
2024-11-12 09:54:31 - pdf_renamer - INFO - 合并后的文本: 飞行程序
2024-11-12 09:54:31 - pdf_renamer - INFO - 处理: 关于修订印发咨询通告航空器运营人 全天候运行规定的通知.pdf
2024-11-12 09:54:33 - pdf_renamer - INFO - 使用参数 {'x_tolerance': 3, 'y_tolerance': 3} 提取文本:
2024-11-12 09:54:33 - pdf_renamer - INFO - 找到的文本元素:
2024-11-12 09:54:33 - pdf_renamer - INFO - 文本: 全天候运行规定〉的通知
, 大小: 18.06020000000001
2024-11-12 09:54:33 - pdf_renamer - INFO - 文本: 关于修订印发咨询通告〈航空器运营人, 大小: 17.81940000000003
2024-11-12 09:54:33 - pdf_renamer - INFO - 文本: 《航空器运营人全天候运行要求~ (AC-91-FS-2012-016), 大小: 15.099999999999994
2024-11-12 09:54:33 - pdf_renamer - INFO - 文本: 完全适应相关运行的新情况和新要求。为落实"放管服"要求，简, 大小: 14.448200000000014
2024-11-12 09:54:33 - pdf_renamer - INFO - 文本: 持续提升，以及国际民航全天候运行标准的调整，现行咨询通告, 大小: 14.448199999999986
2024-11-12 09:54:33 - pdf_renamer - INFO - 合并后的文本: 关于修订印发咨询通告〈航空器运营人 全天候运行规定〉的通知
2024-11-12 09:56:16 - pdf_renamer - INFO - 虎大王PDF重命名工具启动...
2024-11-12 09:56:16 - pdf_renamer - INFO - Python版本: 3.8.20 (default, Oct  3 2024, 15:19:54) [MSC v.1929 64 bit (AMD64)]
2024-11-12 09:56:16 - pdf_renamer - INFO - Python路径: D:\pdf_renamer\.conda\python.exe
2024-11-12 09:56:16 - pdf_renamer - INFO - 工作目录: D:\pdf_renamer
2024-11-12 09:56:16 - pdf_renamer - INFO - 程序已准备就绪
2024-11-12 09:56:16 - pdf_renamer - INFO - 按ESC键可以随时终止程序
2024-11-12 09:56:20 - pdf_renamer - INFO - 已选择 9 个文件
2024-11-12 09:56:20 - pdf_renamer - INFO - 找到 9 个PDF文件
2024-11-12 09:56:20 - pdf_renamer - ERROR - 程序运行出错: local variable 'count_font' referenced before assignment
2024-11-12 09:57:04 - pdf_renamer - INFO - 虎大王PDF重命名工具启动...
2024-11-12 09:57:04 - pdf_renamer - INFO - Python版本: 3.8.20 (default, Oct  3 2024, 15:19:54) [MSC v.1929 64 bit (AMD64)]
2024-11-12 09:57:04 - pdf_renamer - INFO - Python路径: D:\pdf_renamer\.conda\python.exe
2024-11-12 09:57:04 - pdf_renamer - INFO - 工作目录: D:\pdf_renamer
2024-11-12 09:57:04 - pdf_renamer - INFO - 程序已准备就绪
2024-11-12 09:57:04 - pdf_renamer - INFO - 按ESC键可以随时终止程序
2024-11-12 09:57:08 - pdf_renamer - INFO - 已选择 10 个文件
2024-11-12 09:57:08 - pdf_renamer - INFO - 找到 10 个PDF文件
2024-11-12 09:57:08 - pdf_renamer - INFO - 处理: 120.pdf
2024-11-12 09:57:08 - pdf_renamer - WARNING - 120.pdf 无法提取有效文本
2024-11-12 09:57:10 - pdf_renamer - INFO - 处理: 121.PDF
2024-11-12 09:57:11 - pdf_renamer - WARNING - 121.PDF 无法提取有效文本
2024-11-12 09:57:12 - pdf_renamer - INFO - 处理: 122.pdf
2024-11-12 09:57:12 - pdf_renamer - WARNING - 122.pdf 无法提取有效文本
2024-11-12 09:57:14 - pdf_renamer - INFO - 处理: 2024 届上海市初中语文课程评价规定的  150 个文言实词.pdf
2024-11-12 09:57:15 - pdf_renamer - INFO - 使用参数 {'x_tolerance': 3, 'y_tolerance': 3} 提取文本:
2024-11-12 09:57:15 - pdf_renamer - INFO - 找到的文本元素:
2024-11-12 09:57:15 - pdf_renamer - INFO - 文本: 2024 届上海市初中语文课程评价规定的, 大小: 17.519999999999982
2024-11-12 09:57:15 - pdf_renamer - INFO - 文本:  , 大小: 17.519999999999982
2024-11-12 09:57:15 - pdf_renamer - INFO - 文本: 150 个文言实词 , 大小: 17.519999999999982
2024-11-12 09:57:15 - pdf_renamer - INFO - 文本:  , 大小: 12.480000000000018
2024-11-12 09:57:15 - pdf_renamer - INFO - 文本:  , 大小: 12.480000000000018
2024-11-12 09:57:15 - pdf_renamer - INFO - 合并后的文本: 2024 届上海市初中语文课程评价规定的  150 个文言实词
2024-11-12 09:57:17 - pdf_renamer - INFO - 处理: CCAR121部合格证持有人 的疲劳管理要求.pdf
2024-11-12 09:57:18 - pdf_renamer - INFO - 使用参数 {'x_tolerance': 3, 'y_tolerance': 3} 提取文本:
2024-11-12 09:57:18 - pdf_renamer - INFO - 找到的文本元素:
2024-11-12 09:57:18 - pdf_renamer - INFO - 文本: CCAR121, 大小: 36.0
2024-11-12 09:57:18 - pdf_renamer - INFO - 文本: 部合格证持有人, 大小: 36.0
2024-11-12 09:57:18 - pdf_renamer - INFO - 文本: 的疲劳管理要求 , 大小: 36.0
2024-11-12 09:57:18 - pdf_renamer - INFO - 文本:  , 大小: 36.0
2024-11-12 09:57:18 - pdf_renamer - INFO - 文本:  , 大小: 36.0
2024-11-12 09:57:18 - pdf_renamer - INFO - 合并后的文本: CCAR121部合格证持有人 的疲劳管理要求 
2024-11-12 09:57:19 - pdf_renamer - INFO - 处理: fn.pdf
2024-11-12 09:57:20 - pdf_renamer - INFO - 使用参数 {'x_tolerance': 3, 'y_tolerance': 3} 提取文本:
2024-11-12 09:57:20 - pdf_renamer - INFO - 找到的文本元素:
2024-11-12 09:57:20 - pdf_renamer - INFO - 文本: f;n
, 大小: 39.0
2024-11-12 09:57:20 - pdf_renamer - INFO - 文本:  , 大小: 39.0
2024-11-12 09:57:20 - pdf_renamer - INFO - 文本: RNAVI , 大小: 30.19999999999999
2024-11-12 09:57:20 - pdf_renamer - INFO - 文本: RNAV2 , 大小: 30.19999999999999
2024-11-12 09:57:20 - pdf_renamer - INFO - 文本: tErL.f;n~tlg~., 大小: 26.399999999999977
2024-11-12 09:57:20 - pdf_renamer - INFO - 合并后的文本: f;n
2024-11-12 09:57:21 - pdf_renamer - INFO - 处理: Worldwide rules and guidance.pdf
2024-11-12 09:57:22 - pdf_renamer - INFO - 使用参数 {'x_tolerance': 3, 'y_tolerance': 3} 提取文本:
2024-11-12 09:57:22 - pdf_renamer - INFO - 找到的文本元素:
2024-11-12 09:57:22 - pdf_renamer - INFO - 文本: Worldwide rules and guidance, 大小: 44.04000000000002
2024-11-12 09:57:22 - pdf_renamer - INFO - 合并后的文本: Worldwide rules and guidance
2024-11-12 09:57:23 - pdf_renamer - INFO - 处理: 第1单元六年级（上册）语文详细知识考点.pdf
2024-11-12 09:57:25 - pdf_renamer - INFO - 使用参数 {'x_tolerance': 3, 'y_tolerance': 3} 提取文本:
2024-11-12 09:57:25 - pdf_renamer - INFO - 找到的文本元素:
2024-11-12 09:57:25 - pdf_renamer - INFO - 文本: 第1单元六年级（上册）语文：详细知识考点, 大小: 26.0
2024-11-12 09:57:25 - pdf_renamer - INFO - 文本: 蒙, 大小: 12.000000000000057
2024-11-12 09:57:25 - pdf_renamer - INFO - 文本: mēng, 大小: 12.000000000000057
2024-11-12 09:57:25 - pdf_renamer - INFO - 文本: 蒙骗、蒙头转向, 大小: 12.000000000000057
2024-11-12 09:57:25 - pdf_renamer - INFO - 文本: méng, 大小: 12.000000000000057
2024-11-12 09:57:25 - pdf_renamer - INFO - 合并后的文本: 第1单元六年级（上册）语文：详细知识考点
2024-11-12 09:57:26 - pdf_renamer - INFO - 处理: 飞行程序.pdf
2024-11-12 09:57:29 - pdf_renamer - INFO - 使用参数 {'x_tolerance': 3, 'y_tolerance': 3} 提取文本:
2024-11-12 09:57:29 - pdf_renamer - INFO - 找到的文本元素:
2024-11-12 09:57:29 - pdf_renamer - INFO - 文本: 飞行程序 , 大小: 36.0
2024-11-12 09:57:29 - pdf_renamer - INFO - 文本:  , 大小: 18.000000000000057
2024-11-12 09:57:29 - pdf_renamer - INFO - 文本:          咨, 大小: 18.0
2024-11-12 09:57:29 - pdf_renamer - INFO - 文本:  询, 大小: 18.0
2024-11-12 09:57:29 - pdf_renamer - INFO - 文本:  通, 大小: 18.0
2024-11-12 09:57:29 - pdf_renamer - INFO - 合并后的文本: 飞行程序
2024-11-12 09:57:31 - pdf_renamer - INFO - 处理: 关于修订印发咨询通告航空器运营人 全天候运行规定的通知.pdf
2024-11-12 09:57:32 - pdf_renamer - INFO - 使用参数 {'x_tolerance': 3, 'y_tolerance': 3} 提取文本:
2024-11-12 09:57:32 - pdf_renamer - INFO - 找到的文本元素:
2024-11-12 09:57:32 - pdf_renamer - INFO - 文本: 全天候运行规定〉的通知
, 大小: 18.06020000000001
2024-11-12 09:57:32 - pdf_renamer - INFO - 文本: 关于修订印发咨询通告〈航空器运营人, 大小: 17.81940000000003
2024-11-12 09:57:32 - pdf_renamer - INFO - 文本: 《航空器运营人全天候运行要求~ (AC-91-FS-2012-016), 大小: 15.099999999999994
2024-11-12 09:57:32 - pdf_renamer - INFO - 文本: 完全适应相关运行的新情况和新要求。为落实"放管服"要求，简, 大小: 14.448200000000014
2024-11-12 09:57:32 - pdf_renamer - INFO - 文本: 持续提升，以及国际民航全天候运行标准的调整，现行咨询通告, 大小: 14.448199999999986
2024-11-12 09:57:32 - pdf_renamer - INFO - 合并后的文本: 关于修订印发咨询通告〈航空器运营人 全天候运行规定〉的通知
2024-11-12 09:59:31 - pdf_renamer - INFO - 虎大王PDF重命名工具启动...
2024-11-12 09:59:31 - pdf_renamer - INFO - Python版本: 3.8.20 (default, Oct  3 2024, 15:19:54) [MSC v.1929 64 bit (AMD64)]
2024-11-12 09:59:31 - pdf_renamer - INFO - Python路径: D:\pdf_renamer\.conda\python.exe
2024-11-12 09:59:31 - pdf_renamer - INFO - 工作目录: D:\pdf_renamer
2024-11-12 09:59:31 - pdf_renamer - INFO - 程序已准备就绪
2024-11-12 09:59:31 - pdf_renamer - INFO - 按ESC键可以随时终止程序
2024-11-12 09:59:37 - pdf_renamer - INFO - 已选择 8 个文件
2024-11-12 09:59:37 - pdf_renamer - INFO - 找到 8 个PDF文件
2024-11-12 09:59:37 - pdf_renamer - INFO - 处理: 2024 届上海市初中语文课程评价规定的  150 个文言实词.pdf
2024-11-12 09:59:38 - pdf_renamer - INFO - 使用参数 {'x_tolerance': 3, 'y_tolerance': 3} 提取文本:
2024-11-12 09:59:38 - pdf_renamer - INFO - 找到的文本元素:
2024-11-12 09:59:39 - pdf_renamer - INFO - 文本: 2024 届上海市初中语文课程评价规定的, 大小: 17.519999999999982
2024-11-12 09:59:39 - pdf_renamer - INFO - 文本:  , 大小: 17.519999999999982
2024-11-12 09:59:39 - pdf_renamer - INFO - 文本: 150 个文言实词 , 大小: 17.519999999999982
2024-11-12 09:59:39 - pdf_renamer - INFO - 文本:  , 大小: 12.480000000000018
2024-11-12 09:59:39 - pdf_renamer - INFO - 文本:  , 大小: 12.480000000000018
2024-11-12 09:59:39 - pdf_renamer - INFO - 合并后的文本: 2024 届上海市初中语文课程评价规定的  150 个文言实词
2024-11-12 09:59:40 - pdf_renamer - INFO - 处理: CCAR121部合格证持有人 的疲劳管理要求.pdf
2024-11-12 09:59:41 - pdf_renamer - INFO - 使用参数 {'x_tolerance': 3, 'y_tolerance': 3} 提取文本:
2024-11-12 09:59:41 - pdf_renamer - INFO - 找到的文本元素:
2024-11-12 09:59:41 - pdf_renamer - INFO - 文本: CCAR121, 大小: 36.0
2024-11-12 09:59:41 - pdf_renamer - INFO - 文本: 部合格证持有人, 大小: 36.0
2024-11-12 09:59:41 - pdf_renamer - INFO - 文本: 的疲劳管理要求 , 大小: 36.0
2024-11-12 09:59:41 - pdf_renamer - INFO - 文本:  , 大小: 36.0
2024-11-12 09:59:41 - pdf_renamer - INFO - 文本:  , 大小: 36.0
2024-11-12 09:59:41 - pdf_renamer - INFO - 合并后的文本: CCAR121部合格证持有人 的疲劳管理要求 
2024-11-12 09:59:43 - pdf_renamer - INFO - 处理: fn.pdf
2024-11-12 09:59:43 - pdf_renamer - INFO - 使用参数 {'x_tolerance': 3, 'y_tolerance': 3} 提取文本:
2024-11-12 09:59:43 - pdf_renamer - INFO - 找到的文本元素:
2024-11-12 09:59:43 - pdf_renamer - INFO - 文本: f;n
, 大小: 39.0
2024-11-12 09:59:43 - pdf_renamer - INFO - 文本:  , 大小: 39.0
2024-11-12 09:59:43 - pdf_renamer - INFO - 文本: RNAVI , 大小: 30.19999999999999
2024-11-12 09:59:43 - pdf_renamer - INFO - 文本: RNAV2 , 大小: 30.19999999999999
2024-11-12 09:59:43 - pdf_renamer - INFO - 文本: tErL.f;n~tlg~., 大小: 26.399999999999977
2024-11-12 09:59:43 - pdf_renamer - INFO - 合并后的文本: f;n
2024-11-12 09:59:45 - pdf_renamer - INFO - 处理: Worldwide rules and guidance.pdf
2024-11-12 09:59:45 - pdf_renamer - INFO - 使用参数 {'x_tolerance': 3, 'y_tolerance': 3} 提取文本:
2024-11-12 09:59:45 - pdf_renamer - INFO - 找到的文本元素:
2024-11-12 09:59:45 - pdf_renamer - INFO - 文本: Worldwide rules and guidance, 大小: 44.04000000000002
2024-11-12 09:59:45 - pdf_renamer - INFO - 合并后的文本: Worldwide rules and guidance
2024-11-12 09:59:47 - pdf_renamer - INFO - 处理: 第1单元六年级（上册）语文详细知识考点.pdf
2024-11-12 09:59:49 - pdf_renamer - INFO - 使用参数 {'x_tolerance': 3, 'y_tolerance': 3} 提取文本:
2024-11-12 09:59:49 - pdf_renamer - INFO - 找到的文本元素:
2024-11-12 09:59:49 - pdf_renamer - INFO - 文本: 第1单元六年级（上册）语文：详细知识考点, 大小: 26.0
2024-11-12 09:59:49 - pdf_renamer - INFO - 文本: 蒙, 大小: 12.000000000000057
2024-11-12 09:59:49 - pdf_renamer - INFO - 文本: mēng, 大小: 12.000000000000057
2024-11-12 09:59:49 - pdf_renamer - INFO - 文本: 蒙骗、蒙头转向, 大小: 12.000000000000057
2024-11-12 09:59:49 - pdf_renamer - INFO - 文本: méng, 大小: 12.000000000000057
2024-11-12 09:59:49 - pdf_renamer - INFO - 合并后的文本: 第1单元六年级（上册）语文：详细知识考点
2024-11-12 09:59:51 - pdf_renamer - INFO - 处理: 飞行程序.pdf
2024-11-12 09:59:54 - pdf_renamer - INFO - 使用参数 {'x_tolerance': 3, 'y_tolerance': 3} 提取文本:
2024-11-12 09:59:54 - pdf_renamer - INFO - 找到的文本元素:
2024-11-12 09:59:54 - pdf_renamer - INFO - 文本: 飞行程序 , 大小: 36.0
2024-11-12 09:59:54 - pdf_renamer - INFO - 文本:  , 大小: 18.000000000000057
2024-11-12 09:59:54 - pdf_renamer - INFO - 文本:          咨, 大小: 18.0
2024-11-12 09:59:54 - pdf_renamer - INFO - 文本:  询, 大小: 18.0
2024-11-12 09:59:54 - pdf_renamer - INFO - 文本:  通, 大小: 18.0
2024-11-12 09:59:54 - pdf_renamer - INFO - 合并后的文本: 飞行程序
2024-11-12 09:59:56 - pdf_renamer - INFO - 处理: 关于修订印发咨询通告航空器运营人 全天候运行规定的通知.pdf
2024-11-12 09:59:58 - pdf_renamer - INFO - 使用参数 {'x_tolerance': 3, 'y_tolerance': 3} 提取文本:
2024-11-12 09:59:58 - pdf_renamer - INFO - 找到的文本元素:
2024-11-12 09:59:58 - pdf_renamer - INFO - 文本: 全天候运行规定〉的通知
, 大小: 18.06020000000001
2024-11-12 09:59:58 - pdf_renamer - INFO - 文本: 关于修订印发咨询通告〈航空器运营人, 大小: 17.81940000000003
2024-11-12 09:59:58 - pdf_renamer - INFO - 文本: 《航空器运营人全天候运行要求~ (AC-91-FS-2012-016), 大小: 15.099999999999994
2024-11-12 09:59:58 - pdf_renamer - INFO - 文本: 完全适应相关运行的新情况和新要求。为落实"放管服"要求，简, 大小: 14.448200000000014
2024-11-12 09:59:58 - pdf_renamer - INFO - 文本: 持续提升，以及国际民航全天候运行标准的调整，现行咨询通告, 大小: 14.448199999999986
2024-11-12 09:59:58 - pdf_renamer - INFO - 合并后的文本: 关于修订印发咨询通告〈航空器运营人 全天候运行规定〉的通知
2024-11-12 10:00:00 - pdf_renamer - INFO - 处理: 航空承运人特殊机场的分类标准 及运行要求.pdf
2024-11-12 10:00:01 - pdf_renamer - INFO - 使用参数 {'x_tolerance': 3, 'y_tolerance': 3} 提取文本:
2024-11-12 10:00:01 - pdf_renamer - INFO - 找到的文本元素:
2024-11-12 10:00:01 - pdf_renamer - INFO - 文本: 航空承运人特殊机场的分类标准, 大小: 29.692999999999984
2024-11-12 10:00:01 - pdf_renamer - INFO - 文本: 及运行要求, 大小: 29.692999999999984
2024-11-12 10:00:01 - pdf_renamer - INFO - 文本: 咨, 大小: 25.811000000000035
2024-11-12 10:00:01 - pdf_renamer - INFO - 文本: 询, 大小: 25.811000000000035
2024-11-12 10:00:01 - pdf_renamer - INFO - 文本: 通, 大小: 25.811000000000035
2024-11-12 10:00:01 - pdf_renamer - INFO - 合并后的文本: 航空承运人特殊机场的分类标准 及运行要求
2024-11-12 10:00:53 - pdf_renamer - INFO - 虎大王PDF重命名工具启动...
2024-11-12 10:00:53 - pdf_renamer - INFO - Python版本: 3.8.20 (default, Oct  3 2024, 15:19:54) [MSC v.1929 64 bit (AMD64)]
2024-11-12 10:00:53 - pdf_renamer - INFO - Python路径: D:\pdf_renamer\.conda\python.exe
2024-11-12 10:00:53 - pdf_renamer - INFO - 工作目录: D:\pdf_renamer
2024-11-12 10:00:53 - pdf_renamer - INFO - 程序已准备就绪
2024-11-12 10:00:53 - pdf_renamer - INFO - 按ESC键可以随时终止程序
2024-11-12 10:00:57 - pdf_renamer - INFO - 已选择 8 个文件
2024-11-12 10:00:57 - pdf_renamer - INFO - 找到 8 个PDF文件
2024-11-12 10:00:58 - pdf_renamer - INFO - 处理: 120.pdf
2024-11-12 10:00:58 - pdf_renamer - WARNING - 120.pdf 无法提取有效文本
2024-11-12 10:01:00 - pdf_renamer - INFO - 处理: 121.PDF
2024-11-12 10:01:00 - pdf_renamer - WARNING - 121.PDF 无法提取有效文本
2024-11-12 10:01:02 - pdf_renamer - INFO - 处理: 122.pdf
2024-11-12 10:01:02 - pdf_renamer - WARNING - 122.pdf 无法提取有效文本
2024-11-12 10:01:04 - pdf_renamer - INFO - 处理: 2024 届上海市初中语文课程评价规定的  150 个文言实词.pdf
2024-11-12 10:01:05 - pdf_renamer - INFO - 使用参数 {'x_tolerance': 3, 'y_tolerance': 3} 提取文本:
2024-11-12 10:01:05 - pdf_renamer - INFO - 找到的文本元素:
2024-11-12 10:01:05 - pdf_renamer - INFO - 文本: 2024 届上海市初中语文课程评价规定的, 大小: 17.519999999999982
2024-11-12 10:01:05 - pdf_renamer - INFO - 文本:  , 大小: 17.519999999999982
2024-11-12 10:01:05 - pdf_renamer - INFO - 文本: 150 个文言实词 , 大小: 17.519999999999982
2024-11-12 10:01:05 - pdf_renamer - INFO - 文本:  , 大小: 12.480000000000018
2024-11-12 10:01:05 - pdf_renamer - INFO - 文本:  , 大小: 12.480000000000018
2024-11-12 10:01:05 - pdf_renamer - INFO - 合并后的文本: 2024 届上海市初中语文课程评价规定的  150 个文言实词
2024-11-12 10:01:06 - pdf_renamer - INFO - 处理: CCAR121部合格证持有人 的疲劳管理要求.pdf
2024-11-12 10:01:07 - pdf_renamer - INFO - 使用参数 {'x_tolerance': 3, 'y_tolerance': 3} 提取文本:
2024-11-12 10:01:07 - pdf_renamer - INFO - 找到的文本元素:
2024-11-12 10:01:07 - pdf_renamer - INFO - 文本: CCAR121, 大小: 36.0
2024-11-12 10:01:07 - pdf_renamer - INFO - 文本: 部合格证持有人, 大小: 36.0
2024-11-12 10:01:07 - pdf_renamer - INFO - 文本: 的疲劳管理要求 , 大小: 36.0
2024-11-12 10:01:07 - pdf_renamer - INFO - 文本:  , 大小: 36.0
2024-11-12 10:01:07 - pdf_renamer - INFO - 文本:  , 大小: 36.0
2024-11-12 10:01:07 - pdf_renamer - INFO - 合并后的文本: CCAR121部合格证持有人 的疲劳管理要求 
2024-11-12 10:01:08 - pdf_renamer - INFO - 处理: fn.pdf
2024-11-12 10:01:09 - pdf_renamer - INFO - 使用参数 {'x_tolerance': 3, 'y_tolerance': 3} 提取文本:
2024-11-12 10:01:09 - pdf_renamer - INFO - 找到的文本元素:
2024-11-12 10:01:09 - pdf_renamer - INFO - 文本: f;n
, 大小: 39.0
2024-11-12 10:01:09 - pdf_renamer - INFO - 文本:  , 大小: 39.0
2024-11-12 10:01:09 - pdf_renamer - INFO - 文本: RNAVI , 大小: 30.19999999999999
2024-11-12 10:01:09 - pdf_renamer - INFO - 文本: RNAV2 , 大小: 30.19999999999999
2024-11-12 10:01:09 - pdf_renamer - INFO - 文本: tErL.f;n~tlg~., 大小: 26.399999999999977
2024-11-12 10:01:09 - pdf_renamer - INFO - 合并后的文本: f;n
2024-11-12 10:01:11 - pdf_renamer - INFO - 处理: Worldwide rules and guidance.pdf
2024-11-12 10:01:11 - pdf_renamer - INFO - 使用参数 {'x_tolerance': 3, 'y_tolerance': 3} 提取文本:
2024-11-12 10:01:11 - pdf_renamer - INFO - 找到的文本元素:
2024-11-12 10:01:11 - pdf_renamer - INFO - 文本: Worldwide rules and guidance, 大小: 44.04000000000002
2024-11-12 10:01:11 - pdf_renamer - INFO - 合并后的文本: Worldwide rules and guidance
2024-11-12 10:01:12 - pdf_renamer - INFO - 处理: 第1单元六年级（上册）语文详细知识考点.pdf
2024-11-12 10:01:14 - pdf_renamer - INFO - 使用参数 {'x_tolerance': 3, 'y_tolerance': 3} 提取文本:
2024-11-12 10:01:14 - pdf_renamer - INFO - 找到的文本元素:
2024-11-12 10:01:14 - pdf_renamer - INFO - 文本: 第1单元六年级（上册）语文：详细知识考点, 大小: 26.0
2024-11-12 10:01:14 - pdf_renamer - INFO - 文本: 蒙, 大小: 12.000000000000057
2024-11-12 10:01:14 - pdf_renamer - INFO - 文本: mēng, 大小: 12.000000000000057
2024-11-12 10:01:14 - pdf_renamer - INFO - 文本: 蒙骗、蒙头转向, 大小: 12.000000000000057
2024-11-12 10:01:14 - pdf_renamer - INFO - 文本: méng, 大小: 12.000000000000057
2024-11-12 10:01:14 - pdf_renamer - INFO - 合并后的文本: 第1单元六年级（上册）语文：详细知识考点
