2024-11-13 12:59:56 - pdf_renamer - INFO - 虎大王PDF重命名工具启动...
2024-11-13 12:59:56 - pdf_renamer - INFO - Python版本: 3.8.20 (default, Oct  3 2024, 15:19:54) [MSC v.1929 64 bit (AMD64)]
2024-11-13 12:59:56 - pdf_renamer - INFO - Python路径: D:\pdf_renamer\.conda\python.exe
2024-11-13 12:59:56 - pdf_renamer - INFO - 工作目录: D:\pdf_renamer
2024-11-13 12:59:56 - pdf_renamer - INFO - 程序已准备就绪
2024-11-13 12:59:56 - pdf_renamer - INFO - 按ESC键可以随时终止程序
2024-11-13 13:00:02 - pdf_renamer - INFO - 已选择 11 个文件
2024-11-13 13:00:02 - pdf_renamer - INFO - 找到 11 个PDF文件
2024-11-13 13:00:03 - pdf_renamer - INFO - 处理: 中国东方航空集团有限公司.pdf
2024-11-13 13:00:04 - pdf_renamer - INFO - 使用参数 {'x_tolerance': 3, 'y_tolerance': 3} 提取文本:
2024-11-13 13:00:04 - pdf_renamer - INFO - 找到的文本元素:
2024-11-13 13:00:04 - pdf_renamer - INFO - 文本: 中国东方航空集团有限公司, 大小: 38.049999999999955
2024-11-13 13:00:04 - pdf_renamer - INFO - 文本: 中国东方航空股份有限公司, 大小: 38.049999999999955
2024-11-13 13:00:04 - pdf_renamer - INFO - 文本: 安, 大小: 36.0
2024-11-13 13:00:04 - pdf_renamer - INFO - 文本: 全, 大小: 36.0
2024-11-13 13:00:04 - pdf_renamer - INFO - 文本: 风, 大小: 36.0
2024-11-13 13:00:04 - pdf_renamer - INFO - 合并后的文本: 中国东方航空集团有限公司 中国东方航空股份有限公司
2024-11-13 13:00:06 - pdf_renamer - INFO - 处理: 关于防止擦机尾的风险提示.pdf
2024-11-13 13:00:07 - pdf_renamer - INFO - 使用参数 {'x_tolerance': 3, 'y_tolerance': 3} 提取文本:
2024-11-13 13:00:07 - pdf_renamer - INFO - 找到的文本元素:
2024-11-13 13:00:07 - pdf_renamer - INFO - 文本: 关于防止擦机尾的风险提示, 大小: 18.0
2024-11-13 13:00:07 - pdf_renamer - INFO - 文本: 近期我部在航班运行过程中出现多起“PITCH, 大小: 15.0
2024-11-13 13:00:07 - pdf_renamer - INFO - 文本: 警告”事件，个别同事短期, 大小: 15.0
2024-11-13 13:00:07 - pdf_renamer - INFO - 文本: 内重复出现，通过分析发现：, 大小: 15.0
2024-11-13 13:00:07 - pdf_renamer - INFO - 文本: 1.近期几起事件多受低空风况变化影响；, 大小: 15.0
2024-11-13 13:00:07 - pdf_renamer - INFO - 合并后的文本: 关于防止擦机尾的风险提示
2024-11-13 13:00:08 - pdf_renamer - INFO - 处理: 上航飞行部.pdf
2024-11-13 13:00:09 - pdf_renamer - INFO - 使用参数 {'x_tolerance': 3, 'y_tolerance': 3} 提取文本:
2024-11-13 13:00:09 - pdf_renamer - INFO - 找到的文本元素:
2024-11-13 13:00:09 - pdf_renamer - INFO - 文本: 上航飞行部, 大小: 36.0
2024-11-13 13:00:09 - pdf_renamer - INFO - 文本: 安全风险通告, 大小: 36.0
2024-11-13 13:00:09 - pdf_renamer - INFO - 文本: 主题：关于防擦机尾/发动机/翼尖的安全风险通告, 大小: 18.0
2024-11-13 13:00:09 - pdf_renamer - INFO - 文本: 2022年第9期, 大小: 15.5
2024-11-13 13:00:09 - pdf_renamer - INFO - 文本: 签发：, 大小: 15.5
2024-11-13 13:00:09 - pdf_renamer - INFO - 合并后的文本: 上航飞行部 安全风险通告
2024-11-13 13:00:11 - pdf_renamer - INFO - 处理: 中国东方航空上海飞行部.pdf
2024-11-13 13:00:12 - pdf_renamer - INFO - 使用参数 {'x_tolerance': 3, 'y_tolerance': 3} 提取文本:
2024-11-13 13:00:12 - pdf_renamer - INFO - 找到的文本元素:
2024-11-13 13:00:12 - pdf_renamer - INFO - 文本: 中国东方航空上海飞行部, 大小: 36.0
2024-11-13 13:00:12 - pdf_renamer - INFO - 文本: 安全风险通告, 大小: 36.0
2024-11-13 13:00:12 - pdf_renamer - INFO - 文本: 主题：关于防擦机尾的安全风险通告, 大小: 21.94999999999999
2024-11-13 13:00:12 - pdf_renamer - INFO - 文本: 飞行部根据运行要求开展项目驱动型风险管理。本次风险管理, 大小: 15.950000000000003
2024-11-13 13:00:12 - pdf_renamer - INFO - 文本: 一、系统与工作分析：, 大小: 15.949999999999989
2024-11-13 13:00:12 - pdf_renamer - INFO - 合并后的文本: 中国东方航空上海飞行部 安全风险通告
2024-11-13 13:00:14 - pdf_renamer - INFO - 处理: 飞行部安全风险通告.pdf
2024-11-13 13:00:15 - pdf_renamer - INFO - 使用参数 {'x_tolerance': 3, 'y_tolerance': 3} 提取文本:
2024-11-13 13:00:15 - pdf_renamer - INFO - 找到的文本元素:
2024-11-13 13:00:15 - pdf_renamer - INFO - 文本: 飞行部安全风险通告, 大小: 36.0
2024-11-13 13:00:15 - pdf_renamer - INFO - 文本: 中国东方航空股份有限公司山西分公司, 大小: 24.0
2024-11-13 13:00:15 - pdf_renamer - INFO - 文本: 签发：唐健, 大小: 15.950000000000045
2024-11-13 13:00:15 - pdf_renamer - INFO - 文本: 关于防擦机尾运行安全风险通告, 大小: 15.949999999999932
2024-11-13 13:00:15 - pdf_renamer - INFO - 文本: 一、, 大小: 14.050000000000011
2024-11-13 13:00:15 - pdf_renamer - INFO - 合并后的文本: 飞行部安全风险通告
2024-11-13 13:00:16 - pdf_renamer - INFO - 处理: 注意.pdf
2024-11-13 13:00:17 - pdf_renamer - INFO - 使用参数 {'x_tolerance': 3, 'y_tolerance': 3} 提取文本:
2024-11-13 13:00:17 - pdf_renamer - INFO - 找到的文本元素:
2024-11-13 13:00:17 - pdf_renamer - INFO - 文本: 注, 大小: 18.0
2024-11-13 13:00:17 - pdf_renamer - INFO - 文本: 意, 大小: 18.0
2024-11-13 13:00:17 - pdf_renamer - INFO - 文本:  , 大小: 18.0
2024-11-13 13:00:17 - pdf_renamer - INFO - 文本: 飞, 大小: 18.0
2024-11-13 13:00:17 - pdf_renamer - INFO - 文本: 行, 大小: 18.0
2024-11-13 13:00:17 - pdf_renamer - INFO - 合并后的文本: 注意 飞行机组程序 Attention FLIGHT CREW PROCEDURE
2024-11-13 13:00:19 - pdf_renamer - INFO - 处理: 2024 届上海市初中语文课程评价规定的  150 个文言实词.pdf
2024-11-13 13:00:21 - pdf_renamer - INFO - 使用参数 {'x_tolerance': 3, 'y_tolerance': 3} 提取文本:
2024-11-13 13:00:21 - pdf_renamer - INFO - 找到的文本元素:
2024-11-13 13:00:21 - pdf_renamer - INFO - 文本: 2024 届上海市初中语文课程评价规定的, 大小: 17.519999999999982
2024-11-13 13:00:21 - pdf_renamer - INFO - 文本:  , 大小: 17.519999999999982
2024-11-13 13:00:21 - pdf_renamer - INFO - 文本: 150 个文言实词 , 大小: 17.519999999999982
2024-11-13 13:00:21 - pdf_renamer - INFO - 文本:  , 大小: 12.480000000000018
2024-11-13 13:00:21 - pdf_renamer - INFO - 文本:  , 大小: 12.480000000000018
2024-11-13 13:00:21 - pdf_renamer - INFO - 合并后的文本: 2024 届上海市初中语文课程评价规定的  150 个文言实词
2024-11-13 13:00:22 - pdf_renamer - INFO - 处理: 部编版六年级语文上册期中知识点 第一单元 一字词盘点 1字 (1)难读的字 裳(shɑnɡ)拙....pdf
2024-11-13 13:00:23 - pdf_renamer - INFO - 使用参数 {'x_tolerance': 3, 'y_tolerance': 3} 提取文本:
2024-11-13 13:00:23 - pdf_renamer - INFO - 找到的文本元素:
2024-11-13 13:00:23 - pdf_renamer - INFO - 文本: 部编版六年级语文上册期中知识点, 大小: 9.950000000000045
2024-11-13 13:00:23 - pdf_renamer - INFO - 文本: 第一单元, 大小: 9.950000000000045
2024-11-13 13:00:23 - pdf_renamer - INFO - 文本: 一、字词盘点, 大小: 9.950000000000045
2024-11-13 13:00:23 - pdf_renamer - INFO - 文本: 1.字, 大小: 9.950000000000045
2024-11-13 13:00:23 - pdf_renamer - INFO - 文本: (1)难读的字, 大小: 9.950000000000045
2024-11-13 13:00:23 - pdf_renamer - INFO - 合并后的文本: 部编版六年级语文上册期中知识点 第一单元 一、字词盘点 1.字 (1)难读的字 裳(shɑnɡ)拙(zhuō)缀(zhuì) (2)难写的字 毯:半包围结构,“毛”要托住“炎”。 雅:左右结构,右边不要写成“住”。 德:左右结构,不要少写了“心”上的一横。 稻:左窄右宽,“臼”里边是两笔短横,不要写成一笔长横。 (3)多音字 勒蒙 薄糊 宿泊 冠朝 2.词 (1)必须掌握的词 草原线条柔美境界惊叹回味乐趣 目的地洒脱衣裳襟飘带舞彩虹飞驰 马蹄蒙古包热乎乎奶豆腐礼貌拘束 干部举杯羞涩感人会心微笑摔跤 宅院幽雅伏案浑浊笨拙参差眼帘 单薄照耀文思梦想迷蒙印象愁怨 顺心平淡 (2)近义词 清鲜~清新惊叹~惊讶回味~体味 洒脱~潇洒迂回~迂曲静寂~安静 亲热~热情拘束~拘谨幽雅~文雅 浑浊~污浊笨拙~愚笨参差~杂乱 眼帘~眼眶单薄~瘦弱照耀~照射 梦想~理想文思~才思迷蒙~迷茫 愁怨~忧愁顺心~遂心平淡~平凡 泊~停愁~忧低~矮书~写鸣~叫 孕育~培育赠予~赠送摇曳~摇摆 旖旎~柔美馥郁~浓郁凝视~注视 察看~查看硕大无朋~硕大无比 婆娑起舞~翩翩起舞心驰神往~梦寐以求 顾影自怜~顾影弄姿孤芳自赏~自命清高 (3)反义词
2024-11-13 13:00:25 - pdf_renamer - INFO - 处理: 项目报价汇总表.pdf
2024-11-13 13:00:25 - pdf_renamer - INFO - 使用参数 {'x_tolerance': 3, 'y_tolerance': 3} 提取文本:
2024-11-13 13:00:25 - pdf_renamer - INFO - 找到的文本元素:
2024-11-13 13:00:25 - pdf_renamer - INFO - 文本: 项目报价汇总表, 大小: 17.999000000000024
2024-11-13 13:00:25 - pdf_renamer - INFO - 文本: 客户确认：, 大小: 9.839999999999975
2024-11-13 13:00:25 - pdf_renamer - INFO - 文本: 第 1 页, 大小: 8.979000000000042
2024-11-13 13:00:25 - pdf_renamer - INFO - 文本: 项目名称：, 大小: 8.979000000000042
2024-11-13 13:00:25 - pdf_renamer - INFO - 文本: 销售工程师：, 大小: 8.979000000000042
2024-11-13 13:00:25 - pdf_renamer - INFO - 合并后的文本: 项目报价汇总表
2024-11-13 13:00:27 - pdf_renamer - INFO - 处理: 阳光教辅ygjfnet 1草原3古诗词三首 一会写字一会写字 毯tǎn(绿毯)(毛毯)陈ché....pdf
2024-11-13 13:00:29 - pdf_renamer - INFO - 使用参数 {'x_tolerance': 3, 'y_tolerance': 3} 提取文本:
2024-11-13 13:00:29 - pdf_renamer - INFO - 找到的文本元素:
2024-11-13 13:00:29 - pdf_renamer - INFO - 文本: 六、中心思想, 大小: 9.000000000000014
2024-11-13 13:00:29 - pdf_renamer - INFO - 文本: 1《草原》, 大小: 9.0
2024-11-13 13:00:29 - pdf_renamer - INFO - 文本: 一、会写字, 大小: 9.0
2024-11-13 13:00:29 - pdf_renamer - INFO - 文本: 毯tǎn, 大小: 9.0
2024-11-13 13:00:29 - pdf_renamer - INFO - 文本: (绿毯)(毛毯), 大小: 9.0
2024-11-13 13:00:29 - pdf_renamer - INFO - 合并后的文本: 阳光教辅：ygjf.net 1《草原》3《古诗词三首》 一、会写字一、会写字 毯tǎn(绿毯)(毛毯)陈chén(陈设)(陈旧)裳shang(衣裳)德dé(品德)(恩德)蝉chan(鸣蝉)(蝉联) 虹hóng(彩虹)(霓虹)蹄tí(马蹄)(蹄子)腐fǔ(豆腐)(腐朽)二、易读错字 稍shāo(稍微)(稍稍)微wēi(微笑)(微风)烟渚(zhǔ√zhě)鹊què(鹊桥)(喜鹊) 二、多音字野旷(kuàng√guǎng)路转溪桥忽见(xiàn√jiàn) 三、重点句品析 野旷天低树，江清月近人。 这两句诗借景抒情，诗人怀着愁心，在广袤而宁静的自然 三、近义词中，经求索而发现孤月竟与自己如此亲近，于是，寂寞的 勾勒——勾画洒脱——潇洒迂回——曲折拘束——拘谨愁心得到慰藉。 四、反义词黑云翻墨未遮山，白雨跳珠乱入船。 洒脱——拘束羞涩——大方迂回——笔直这两句诗运用比喻的修辞手法描绘出了大雨骤降的景象。 五、重点词语理解“翻墨”写云的来势，“跳珠”描绘雨点飞溅的样子，以 渲染：国画的一种画法，用水墨或淡的色彩涂抹画面，强艺术效果。动词前移的句式使比喻运用得灵活生动却不露痕迹。 勾勒：用线条画出轮廓。羞涩：难为情，态度不自然。七八个星天外，两三点雨山前。 襟飘带舞：衣襟和裙带迎风飘动。这两句中数量词的运用非常巧妙。“七八个”“两三点” 六、中心思想总结这两个数量词的巧妙运用，道出了“星”是寥落的疏星， 这篇课文记叙了老舍第一次访问内蒙古大草原时的所见、所闻、所感，雨是轻微的细雨，这些都是为了与上阕清幽的夜色、恬静 围绕一个“美”字，赞美了草原的美丽风光，表现了蒙古族同胞的纯的气氛和朴素的乡土气息相吻合。 朴、热情、好客，以及蒙汉两族人民团结互助的深情厚谊。四、中心思想 《宿建德江》写出了写作的地点和事由，描写了诗人2《丁香结》 旅途中夜泊江上所见的江边夜景，前两句触景生情，一、会写字 后两句借景抒情，抒发了诗人孤寂、忧愁的心情。缀zhuì(缀满)(点缀)幽yōu(幽雅)(幽静)雅yǎ(幽雅)(淡雅) 《六月二十七日望湖楼醉书》描写了宋代诗人苏轼在案àn(伏案)(教案)拙zhuō(笨拙)(拙劣)薄bó(单薄)(薄弱) 望湖楼上饮酒时所见到的西湖山雨欲来和雨过天晴后糊hú(模糊)(糊涂)蕾lěi(花蕾)(苞蕾)襟jīn(衣襟)(襟怀) 的景色，由云到风，又由风到雨，生动地写出了大自恍huǎng(恍然)(恍惚)怨yuàn(愁怨)(抱怨) 然的风云变幻，写出了诗人对西湖的赞美之情。“醉二、多音字 书”的意思是：饮酒之后写下的作品。 《西江月·夜行黄沙道中》表现了诗人对丰收之年的 喜悦和对乡村生活的热爱之情。通过对“明月、别枝、 惊鹊、清风、鸣蝉、鸣蝉、稻花香、蛙声”等景物的三、反义词 描写，渲染出夏夜的宁静迷人，写出了词人对丰年的笨拙—聪慧模糊—清楚平淡—精彩 企盼和对人民生活的关心。四、重点词语理解 潇洒：（神情、举止、唳等）自然大方，有韵致，不拘束。 幽雅：幽静而雅致。笨拙：笨，不聪明，不灵巧。 参差：长短、高低、大小不齐，不一致。 迷蒙：昏暗看不分明，迷茫。 妩媚：形容女子、花木等姿态美好可爱。 平淡：（事物、文章等）平常，没有曲折。 五、词语搭配 （星星般）的小花（幽雅）的甜香（参差）的绿（不顺心）的事 六、中心思想 “丁香结”象征着生活中化解不了的烦恼、愁怨。文章告诉我 们生活中总有许多烦恼，要学会用乐观、豁达的态度生活。
2024-11-13 13:00:31 - pdf_renamer - INFO - 处理: 中心思想是赞美草原的美丽风光与蒙古族人民纯朴、热情、好客的民族性格，同时表现了蒙汉两族人民的团结互助和深情厚谊。通过老舍先生第一次访问内蒙古草原的经历，文章描绘出一幅辽阔的画卷，表达了对这片土地深深的热爱与赞叹。.pdf
2024-11-13 13:00:33 - pdf_renamer - INFO - 使用参数 {'x_tolerance': 3, 'y_tolerance': 3} 提取文本:
2024-11-13 13:00:33 - pdf_renamer - INFO - 找到的文本元素:
2024-11-13 13:00:33 - pdf_renamer - INFO - 文本: 六、中心思想, 大小: 9.000000000000014
2024-11-13 13:00:33 - pdf_renamer - INFO - 文本: 1《草原》, 大小: 9.0
2024-11-13 13:00:33 - pdf_renamer - INFO - 文本: 一、会写字, 大小: 9.0
2024-11-13 13:00:33 - pdf_renamer - INFO - 文本: 毯tǎn, 大小: 9.0
2024-11-13 13:00:33 - pdf_renamer - INFO - 文本: (绿毯)(毛毯), 大小: 9.0
2024-11-13 13:00:33 - pdf_renamer - INFO - 合并后的文本: 阳光教辅：ygjf.net 1《草原》3《古诗词三首》 一、会写字一、会写字 毯tǎn(绿毯)(毛毯)陈chén(陈设)(陈旧)裳shang(衣裳)德dé(品德)(恩德)蝉chan(鸣蝉)(蝉联) 虹hóng(彩虹)(霓虹)蹄tí(马蹄)(蹄子)腐fǔ(豆腐)(腐朽)二、易读错字 稍shāo(稍微)(稍稍)微wēi(微笑)(微风)烟渚(zhǔ√zhě)鹊què(鹊桥)(喜鹊) 二、多音字野旷(kuàng√guǎng)路转溪桥忽见(xiàn√jiàn) 三、重点句品析 野旷天低树，江清月近人。 这两句诗借景抒情，诗人怀着愁心，在广袤而宁静的自然 三、近义词中，经求索而发现孤月竟与自己如此亲近，于是，寂寞的 勾勒——勾画洒脱——潇洒迂回——曲折拘束——拘谨愁心得到慰藉。 四、反义词黑云翻墨未遮山，白雨跳珠乱入船。 洒脱——拘束羞涩——大方迂回——笔直这两句诗运用比喻的修辞手法描绘出了大雨骤降的景象。 五、重点词语理解“翻墨”写云的来势，“跳珠”描绘雨点飞溅的样子，以 渲染：国画的一种画法，用水墨或淡的色彩涂抹画面，强艺术效果。动词前移的句式使比喻运用得灵活生动却不露痕迹。 勾勒：用线条画出轮廓。羞涩：难为情，态度不自然。七八个星天外，两三点雨山前。 襟飘带舞：衣襟和裙带迎风飘动。这两句中数量词的运用非常巧妙。“七八个”“两三点” 六、中心思想总结这两个数量词的巧妙运用，道出了“星”是寥落的疏星， 这篇课文记叙了老舍第一次访问内蒙古大草原时的所见、所闻、所感，雨是轻微的细雨，这些都是为了与上阕清幽的夜色、恬静 围绕一个“美”字，赞美了草原的美丽风光，表现了蒙古族同胞的纯的气氛和朴素的乡土气息相吻合。 朴、热情、好客，以及蒙汉两族人民团结互助的深情厚谊。四、中心思想 《宿建德江》写出了写作的地点和事由，描写了诗人2《丁香结》 旅途中夜泊江上所见的江边夜景，前两句触景生情，一、会写字 后两句借景抒情，抒发了诗人孤寂、忧愁的心情。缀zhuì(缀满)(点缀)幽yōu(幽雅)(幽静)雅yǎ(幽雅)(淡雅) 《六月二十七日望湖楼醉书》描写了宋代诗人苏轼在案àn(伏案)(教案)拙zhuō(笨拙)(拙劣)薄bó(单薄)(薄弱) 望湖楼上饮酒时所见到的西湖山雨欲来和雨过天晴后糊hú(模糊)(糊涂)蕾lěi(花蕾)(苞蕾)襟jīn(衣襟)(襟怀) 的景色，由云到风，又由风到雨，生动地写出了大自恍huǎng(恍然)(恍惚)怨yuàn(愁怨)(抱怨) 然的风云变幻，写出了诗人对西湖的赞美之情。“醉二、多音字 书”的意思是：饮酒之后写下的作品。 《西江月·夜行黄沙道中》表现了诗人对丰收之年的 喜悦和对乡村生活的热爱之情。通过对“明月、别枝、 惊鹊、清风、鸣蝉、鸣蝉、稻花香、蛙声”等景物的三、反义词 描写，渲染出夏夜的宁静迷人，写出了词人对丰年的笨拙—聪慧模糊—清楚平淡—精彩 企盼和对人民生活的关心。四、重点词语理解 潇洒：（神情、举止、唳等）自然大方，有韵致，不拘束。 幽雅：幽静而雅致。笨拙：笨，不聪明，不灵巧。 参差：长短、高低、大小不齐，不一致。 迷蒙：昏暗看不分明，迷茫。 妩媚：形容女子、花木等姿态美好可爱。 平淡：（事物、文章等）平常，没有曲折。 五、词语搭配 （星星般）的小花（幽雅）的甜香（参差）的绿（不顺心）的事 六、中心思想 “丁香结”象征着生活中化解不了的烦恼、愁怨。文章告诉我 们生活中总有许多烦恼，要学会用乐观、豁达的态度生活。
